{"/Users/georgemitchell/Library/Mobile Documents/com~apple~CloudDocs/Nour2.0/Nour2.0/backend/config/database.js": {"path":"/Users/georgemitchell/Library/Mobile Documents/com~apple~CloudDocs/Nour2.0/Nour2.0/backend/config/database.js","statementMap":{"0":{"start":{"line":3,"column":22},"end":{"line":3,"column":42}},"1":{"start":{"line":4,"column":17},"end":{"line":4,"column":36}},"2":{"start":{"line":5,"column":15},"end":{"line":5,"column":32}},"3":{"start":{"line":7,"column":0},"end":{"line":7,"column":16}},"4":{"start":{"line":9,"column":18},"end":{"line":17,"column":2}},"5":{"start":{"line":19,"column":23},"end":{"line":19,"column":28}},"6":{"start":{"line":21,"column":23},"end":{"line":30,"column":1}},"7":{"start":{"line":22,"column":4},"end":{"line":29,"column":5}},"8":{"start":{"line":23,"column":8},"end":{"line":26,"column":11}},"9":{"start":{"line":27,"column":8},"end":{"line":27,"column":32}},"10":{"start":{"line":28,"column":8},"end":{"line":28,"column":41}},"11":{"start":{"line":32,"column":26},"end":{"line":38,"column":1}},"12":{"start":{"line":33,"column":4},"end":{"line":37,"column":5}},"13":{"start":{"line":34,"column":8},"end":{"line":34,"column":36}},"14":{"start":{"line":35,"column":8},"end":{"line":35,"column":33}},"15":{"start":{"line":36,"column":8},"end":{"line":36,"column":44}},"16":{"start":{"line":40,"column":0},"end":{"line":40,"column":66}}},"fnMap":{"0":{"name":"(anonymous_0)","decl":{"start":{"line":21,"column":23},"end":{"line":21,"column":24}},"loc":{"start":{"line":21,"column":35},"end":{"line":30,"column":1}},"line":21},"1":{"name":"(anonymous_1)","decl":{"start":{"line":32,"column":26},"end":{"line":32,"column":27}},"loc":{"start":{"line":32,"column":38},"end":{"line":38,"column":1}},"line":32}},"branchMap":{"0":{"loc":{"start":{"line":22,"column":4},"end":{"line":29,"column":5}},"type":"if","locations":[{"start":{"line":22,"column":4},"end":{"line":29,"column":5}},{"start":{},"end":{}}],"line":22},"1":{"loc":{"start":{"line":33,"column":4},"end":{"line":37,"column":5}},"type":"if","locations":[{"start":{"line":33,"column":4},"end":{"line":37,"column":5}},{"start":{},"end":{}}],"line":33}},"s":{"0":1,"1":1,"2":1,"3":1,"4":1,"5":1,"6":1,"7":0,"8":0,"9":0,"10":0,"11":1,"12":0,"13":0,"14":0,"15":0,"16":1},"f":{"0":0,"1":0},"b":{"0":[0,0],"1":[0,0]},"_coverageSchema":"1a1c01bbd47fc00a2c39e90264f33305004495a9","hash":"48bd66848d9419318a2c6e85c3b50cfc42730b31"}
,"/Users/georgemitchell/Library/Mobile Documents/com~apple~CloudDocs/Nour2.0/Nour2.0/backend/config/logger.js": {"path":"/Users/georgemitchell/Library/Mobile Documents/com~apple~CloudDocs/Nour2.0/Nour2.0/backend/config/logger.js","statementMap":{"0":{"start":{"line":2,"column":45},"end":{"line":2,"column":63}},"1":{"start":{"line":4,"column":15},"end":{"line":17,"column":2}},"2":{"start":{"line":19,"column":0},"end":{"line":26,"column":1}},"3":{"start":{"line":20,"column":2},"end":{"line":25,"column":6}},"4":{"start":{"line":28,"column":0},"end":{"line":28,"column":24}}},"fnMap":{},"branchMap":{"0":{"loc":{"start":{"line":19,"column":0},"end":{"line":26,"column":1}},"type":"if","locations":[{"start":{"line":19,"column":0},"end":{"line":26,"column":1}},{"start":{},"end":{}}],"line":19}},"s":{"0":1,"1":1,"2":1,"3":1,"4":1},"f":{},"b":{"0":[1,0]},"_coverageSchema":"1a1c01bbd47fc00a2c39e90264f33305004495a9","hash":"87ed895788e21ff33fb95a4a0446486f082d4b88"}
,"/Users/georgemitchell/Library/Mobile Documents/com~apple~CloudDocs/Nour2.0/Nour2.0/backend/models/EnhancedData.js": {"path":"/Users/georgemitchell/Library/Mobile Documents/com~apple~CloudDocs/Nour2.0/Nour2.0/backend/models/EnhancedData.js","statementMap":{"0":{"start":{"line":1,"column":17},"end":{"line":1,"column":36}},"1":{"start":{"line":3,"column":27},"end":{"line":68,"column":2}},"2":{"start":{"line":70,"column":21},"end":{"line":70,"column":103}},"3":{"start":{"line":72,"column":0},"end":{"line":72,"column":30}}},"fnMap":{},"branchMap":{"0":{"loc":{"start":{"line":70,"column":21},"end":{"line":70,"column":103}},"type":"binary-expr","locations":[{"start":{"line":70,"column":21},"end":{"line":70,"column":49}},{"start":{"line":70,"column":53},"end":{"line":70,"column":103}}],"line":70}},"s":{"0":1,"1":1,"2":1,"3":1},"f":{},"b":{"0":[1,1]},"_coverageSchema":"1a1c01bbd47fc00a2c39e90264f33305004495a9","hash":"120eb77beb131f87985d7c304487c47d6633facd"}
,"/Users/georgemitchell/Library/Mobile Documents/com~apple~CloudDocs/Nour2.0/Nour2.0/backend/models/NutritionalData.js": {"path":"/Users/georgemitchell/Library/Mobile Documents/com~apple~CloudDocs/Nour2.0/Nour2.0/backend/models/NutritionalData.js","statementMap":{"0":{"start":{"line":1,"column":17},"end":{"line":1,"column":36}},"1":{"start":{"line":3,"column":30},"end":{"line":18,"column":24}},"2":{"start":{"line":20,"column":24},"end":{"line":20,"column":80}},"3":{"start":{"line":22,"column":0},"end":{"line":22,"column":33}}},"fnMap":{},"branchMap":{},"s":{"0":1,"1":1,"2":1,"3":1},"f":{},"b":{},"_coverageSchema":"1a1c01bbd47fc00a2c39e90264f33305004495a9","hash":"ffcd1da5993147e50dd173c27fc9d2da5df5ba5f"}
,"/Users/georgemitchell/Library/Mobile Documents/com~apple~CloudDocs/Nour2.0/Nour2.0/backend/models/User.js": {"path":"/Users/georgemitchell/Library/Mobile Documents/com~apple~CloudDocs/Nour2.0/Nour2.0/backend/models/User.js","statementMap":{"0":{"start":{"line":1,"column":22},"end":{"line":1,"column":42}},"1":{"start":{"line":2,"column":22},"end":{"line":2,"column":51}},"2":{"start":{"line":4,"column":13},"end":{"line":114,"column":2}},"3":{"start":{"line":116,"column":0},"end":{"line":116,"column":22}}},"fnMap":{},"branchMap":{},"s":{"0":1,"1":1,"2":1,"3":1},"f":{},"b":{},"_coverageSchema":"1a1c01bbd47fc00a2c39e90264f33305004495a9","hash":"ab105f0791ece83eb249e59b98c89a0e05fd4032"}
,"/Users/georgemitchell/Library/Mobile Documents/com~apple~CloudDocs/Nour2.0/Nour2.0/backend/models/UserPreferences.js": {"path":"/Users/georgemitchell/Library/Mobile Documents/com~apple~CloudDocs/Nour2.0/Nour2.0/backend/models/UserPreferences.js","statementMap":{"0":{"start":{"line":1,"column":17},"end":{"line":1,"column":36}},"1":{"start":{"line":3,"column":30},"end":{"line":56,"column":2}},"2":{"start":{"line":58,"column":0},"end":{"line":58,"column":74}}},"fnMap":{},"branchMap":{},"s":{"0":1,"1":1,"2":1},"f":{},"b":{},"_coverageSchema":"1a1c01bbd47fc00a2c39e90264f33305004495a9","hash":"fabba4e4e322b7abbef646c1d3b84646ce53991f"}
,"/Users/georgemitchell/Library/Mobile Documents/com~apple~CloudDocs/Nour2.0/Nour2.0/backend/models/WhoopData.js": {"path":"/Users/georgemitchell/Library/Mobile Documents/com~apple~CloudDocs/Nour2.0/Nour2.0/backend/models/WhoopData.js","statementMap":{"0":{"start":{"line":2,"column":17},"end":{"line":2,"column":36}},"1":{"start":{"line":4,"column":24},"end":{"line":14,"column":24}},"2":{"start":{"line":16,"column":18},"end":{"line":16,"column":91}},"3":{"start":{"line":18,"column":0},"end":{"line":18,"column":27}}},"fnMap":{},"branchMap":{"0":{"loc":{"start":{"line":16,"column":18},"end":{"line":16,"column":91}},"type":"binary-expr","locations":[{"start":{"line":16,"column":18},"end":{"line":16,"column":43}},{"start":{"line":16,"column":47},"end":{"line":16,"column":91}}],"line":16}},"s":{"0":1,"1":1,"2":1,"3":1},"f":{},"b":{"0":[1,1]},"_coverageSchema":"1a1c01bbd47fc00a2c39e90264f33305004495a9","hash":"726834192215ba5ad0dd6225f0e2078c4c66b169"}
,"/Users/georgemitchell/Library/Mobile Documents/com~apple~CloudDocs/Nour2.0/Nour2.0/backend/services/nextMealService.js": {"path":"/Users/georgemitchell/Library/Mobile Documents/com~apple~CloudDocs/Nour2.0/Nour2.0/backend/services/nextMealService.js","statementMap":{"0":{"start":{"line":1,"column":13},"end":{"line":1,"column":38}},"1":{"start":{"line":2,"column":24},"end":{"line":2,"column":60}},"2":{"start":{"line":3,"column":24},"end":{"line":3,"column":60}},"3":{"start":{"line":4,"column":18},"end":{"line":4,"column":48}},"4":{"start":{"line":5,"column":21},"end":{"line":5,"column":54}},"5":{"start":{"line":6,"column":14},"end":{"line":6,"column":30}},"6":{"start":{"line":7,"column":15},"end":{"line":7,"column":42}},"7":{"start":{"line":8,"column":0},"end":{"line":8,"column":27}},"8":{"start":{"line":10,"column":21},"end":{"line":10,"column":47}},"9":{"start":{"line":12,"column":26},"end":{"line":35,"column":1}},"10":{"start":{"line":13,"column":4},"end":{"line":34,"column":5}},"11":{"start":{"line":14,"column":8},"end":{"line":14,"column":59}},"12":{"start":{"line":15,"column":21},"end":{"line":15,"column":66}},"13":{"start":{"line":16,"column":32},"end":{"line":16,"column":84}},"14":{"start":{"line":17,"column":32},"end":{"line":17,"column":121}},"15":{"start":{"line":18,"column":26},"end":{"line":18,"column":72}},"16":{"start":{"line":19,"column":29},"end":{"line":19,"column":78}},"17":{"start":{"line":21,"column":31},"end":{"line":27,"column":9}},"18":{"start":{"line":29,"column":8},"end":{"line":29,"column":61}},"19":{"start":{"line":30,"column":8},"end":{"line":30,"column":30}},"20":{"start":{"line":32,"column":8},"end":{"line":32,"column":60}},"21":{"start":{"line":33,"column":8},"end":{"line":33,"column":20}},"22":{"start":{"line":37,"column":31},"end":{"line":61,"column":1}},"23":{"start":{"line":38,"column":4},"end":{"line":60,"column":5}},"24":{"start":{"line":39,"column":8},"end":{"line":39,"column":48}},"25":{"start":{"line":40,"column":23},"end":{"line":40,"column":47}},"26":{"start":{"line":41,"column":8},"end":{"line":41,"column":53}},"27":{"start":{"line":43,"column":25},"end":{"line":52,"column":10}},"28":{"start":{"line":54,"column":36},"end":{"line":54,"column":88}},"29":{"start":{"line":55,"column":8},"end":{"line":55,"column":75}},"30":{"start":{"line":56,"column":8},"end":{"line":56,"column":35}},"31":{"start":{"line":58,"column":8},"end":{"line":58,"column":67}},"32":{"start":{"line":59,"column":8},"end":{"line":59,"column":20}},"33":{"start":{"line":63,"column":23},"end":{"line":126,"column":1}},"34":{"start":{"line":70,"column":8},"end":{"line":70,"column":16}},"35":{"start":{"line":72,"column":21},"end":{"line":78,"column":5}},"36":{"start":{"line":80,"column":28},"end":{"line":85,"column":5}},"37":{"start":{"line":87,"column":28},"end":{"line":93,"column":5}},"38":{"start":{"line":95,"column":22},"end":{"line":99,"column":10}},"39":{"start":{"line":101,"column":25},"end":{"line":104,"column":10}},"40":{"start":{"line":106,"column":4},"end":{"line":125,"column":11}},"41":{"start":{"line":128,"column":31},"end":{"line":140,"column":1}},"42":{"start":{"line":129,"column":4},"end":{"line":139,"column":5}},"43":{"start":{"line":130,"column":8},"end":{"line":130,"column":79}},"44":{"start":{"line":131,"column":25},"end":{"line":131,"column":56}},"45":{"start":{"line":132,"column":32},"end":{"line":132,"column":70}},"46":{"start":{"line":133,"column":8},"end":{"line":133,"column":42}},"47":{"start":{"line":134,"column":8},"end":{"line":134,"column":72}},"48":{"start":{"line":135,"column":8},"end":{"line":135,"column":31}},"49":{"start":{"line":137,"column":8},"end":{"line":137,"column":71}},"50":{"start":{"line":138,"column":8},"end":{"line":138,"column":20}},"51":{"start":{"line":142,"column":25},"end":{"line":145,"column":1}},"52":{"start":{"line":143,"column":4},"end":{"line":143,"column":65}},"53":{"start":{"line":144,"column":4},"end":{"line":144,"column":41}},"54":{"start":{"line":147,"column":27},"end":{"line":156,"column":1}},"55":{"start":{"line":148,"column":4},"end":{"line":155,"column":5}},"56":{"start":{"line":149,"column":33},"end":{"line":152,"column":9}},"57":{"start":{"line":153,"column":8},"end":{"line":153,"column":68}},"58":{"start":{"line":154,"column":8},"end":{"line":154,"column":69}},"59":{"start":{"line":158,"column":25},"end":{"line":161,"column":1}},"60":{"start":{"line":159,"column":4},"end":{"line":159,"column":61}},"61":{"start":{"line":160,"column":4},"end":{"line":160,"column":44}},"62":{"start":{"line":163,"column":29},"end":{"line":177,"column":1}},"63":{"start":{"line":164,"column":4},"end":{"line":175,"column":5}},"64":{"start":{"line":165,"column":28},"end":{"line":165,"column":53}},"65":{"start":{"line":166,"column":8},"end":{"line":174,"column":9}},"66":{"start":{"line":167,"column":32},"end":{"line":167,"column":55}},"67":{"start":{"line":168,"column":32},"end":{"line":168,"column":42}},"68":{"start":{"line":169,"column":27},"end":{"line":169,"column":35}},"69":{"start":{"line":170,"column":12},"end":{"line":173,"column":13}},"70":{"start":{"line":171,"column":16},"end":{"line":171,"column":98}},"71":{"start":{"line":172,"column":16},"end":{"line":172,"column":40}},"72":{"start":{"line":176,"column":4},"end":{"line":176,"column":16}},"73":{"start":{"line":179,"column":18},"end":{"line":192,"column":1}},"74":{"start":{"line":180,"column":4},"end":{"line":191,"column":5}},"75":{"start":{"line":181,"column":8},"end":{"line":181,"column":86}},"76":{"start":{"line":182,"column":8},"end":{"line":187,"column":9}},"77":{"start":{"line":183,"column":12},"end":{"line":183,"column":56}},"78":{"start":{"line":185,"column":26},"end":{"line":185,"column":44}},"79":{"start":{"line":186,"column":12},"end":{"line":186,"column":28}},"80":{"start":{"line":189,"column":8},"end":{"line":189,"column":51}},"81":{"start":{"line":190,"column":8},"end":{"line":190,"column":20}},"82":{"start":{"line":194,"column":27},"end":{"line":207,"column":1}},"83":{"start":{"line":195,"column":4},"end":{"line":206,"column":5}},"84":{"start":{"line":196,"column":8},"end":{"line":196,"column":77}},"85":{"start":{"line":197,"column":23},"end":{"line":200,"column":9}},"86":{"start":{"line":201,"column":8},"end":{"line":201,"column":56}},"87":{"start":{"line":202,"column":8},"end":{"line":202,"column":22}},"88":{"start":{"line":204,"column":8},"end":{"line":204,"column":63}},"89":{"start":{"line":205,"column":8},"end":{"line":205,"column":20}},"90":{"start":{"line":209,"column":23},"end":{"line":226,"column":1}},"91":{"start":{"line":210,"column":4},"end":{"line":225,"column":5}},"92":{"start":{"line":211,"column":8},"end":{"line":211,"column":80}},"93":{"start":{"line":212,"column":25},"end":{"line":218,"column":9}},"94":{"start":{"line":219,"column":23},"end":{"line":219,"column":54}},"95":{"start":{"line":220,"column":8},"end":{"line":220,"column":51}},"96":{"start":{"line":221,"column":8},"end":{"line":221,"column":22}},"97":{"start":{"line":223,"column":8},"end":{"line":223,"column":58}},"98":{"start":{"line":224,"column":8},"end":{"line":224,"column":20}},"99":{"start":{"line":228,"column":23},"end":{"line":241,"column":1}},"100":{"start":{"line":229,"column":4},"end":{"line":240,"column":5}},"101":{"start":{"line":230,"column":8},"end":{"line":230,"column":109}},"102":{"start":{"line":231,"column":23},"end":{"line":234,"column":9}},"103":{"start":{"line":235,"column":8},"end":{"line":235,"column":51}},"104":{"start":{"line":236,"column":8},"end":{"line":236,"column":22}},"105":{"start":{"line":238,"column":8},"end":{"line":238,"column":58}},"106":{"start":{"line":239,"column":8},"end":{"line":239,"column":20}},"107":{"start":{"line":243,"column":22},"end":{"line":250,"column":1}},"108":{"start":{"line":244,"column":4},"end":{"line":249,"column":5}},"109":{"start":{"line":245,"column":21},"end":{"line":245,"column":44}},"110":{"start":{"line":246,"column":8},"end":{"line":246,"column":20}},"111":{"start":{"line":248,"column":8},"end":{"line":248,"column":53}},"112":{"start":{"line":252,"column":0},"end":{"line":261,"column":2}}},"fnMap":{"0":{"name":"(anonymous_0)","decl":{"start":{"line":12,"column":26},"end":{"line":12,"column":27}},"loc":{"start":{"line":12,"column":44},"end":{"line":35,"column":1}},"line":12},"1":{"name":"(anonymous_1)","decl":{"start":{"line":37,"column":31},"end":{"line":37,"column":32}},"loc":{"start":{"line":37,"column":51},"end":{"line":61,"column":1}},"line":37},"2":{"name":"(anonymous_2)","decl":{"start":{"line":63,"column":23},"end":{"line":63,"column":24}},"loc":{"start":{"line":63,"column":37},"end":{"line":126,"column":1}},"line":63},"3":{"name":"(anonymous_3)","decl":{"start":{"line":128,"column":31},"end":{"line":128,"column":32}},"loc":{"start":{"line":128,"column":49},"end":{"line":140,"column":1}},"line":128},"4":{"name":"(anonymous_4)","decl":{"start":{"line":142,"column":25},"end":{"line":142,"column":26}},"loc":{"start":{"line":142,"column":35},"end":{"line":145,"column":1}},"line":142},"5":{"name":"(anonymous_5)","decl":{"start":{"line":147,"column":27},"end":{"line":147,"column":28}},"loc":{"start":{"line":147,"column":43},"end":{"line":156,"column":1}},"line":147},"6":{"name":"(anonymous_6)","decl":{"start":{"line":158,"column":25},"end":{"line":158,"column":26}},"loc":{"start":{"line":158,"column":31},"end":{"line":161,"column":1}},"line":158},"7":{"name":"(anonymous_7)","decl":{"start":{"line":163,"column":29},"end":{"line":163,"column":30}},"loc":{"start":{"line":163,"column":38},"end":{"line":177,"column":1}},"line":163},"8":{"name":"(anonymous_8)","decl":{"start":{"line":179,"column":18},"end":{"line":179,"column":19}},"loc":{"start":{"line":179,"column":47},"end":{"line":192,"column":1}},"line":179},"9":{"name":"(anonymous_9)","decl":{"start":{"line":194,"column":27},"end":{"line":194,"column":28}},"loc":{"start":{"line":194,"column":53},"end":{"line":207,"column":1}},"line":194},"10":{"name":"(anonymous_10)","decl":{"start":{"line":209,"column":23},"end":{"line":209,"column":24}},"loc":{"start":{"line":209,"column":67},"end":{"line":226,"column":1}},"line":209},"11":{"name":"(anonymous_11)","decl":{"start":{"line":228,"column":23},"end":{"line":228,"column":24}},"loc":{"start":{"line":228,"column":53},"end":{"line":241,"column":1}},"line":228},"12":{"name":"(anonymous_12)","decl":{"start":{"line":243,"column":22},"end":{"line":243,"column":23}},"loc":{"start":{"line":243,"column":36},"end":{"line":250,"column":1}},"line":243}},"branchMap":{"0":{"loc":{"start":{"line":24,"column":29},"end":{"line":24,"column":53}},"type":"binary-expr","locations":[{"start":{"line":24,"column":29},"end":{"line":24,"column":47}},{"start":{"line":24,"column":51},"end":{"line":24,"column":53}}],"line":24},"1":{"loc":{"start":{"line":65,"column":8},"end":{"line":65,"column":17}},"type":"default-arg","locations":[{"start":{"line":65,"column":15},"end":{"line":65,"column":17}}],"line":65},"2":{"loc":{"start":{"line":66,"column":8},"end":{"line":66,"column":28}},"type":"default-arg","locations":[{"start":{"line":66,"column":26},"end":{"line":66,"column":28}}],"line":66},"3":{"loc":{"start":{"line":67,"column":8},"end":{"line":67,"column":28}},"type":"default-arg","locations":[{"start":{"line":67,"column":26},"end":{"line":67,"column":28}}],"line":67},"4":{"loc":{"start":{"line":68,"column":8},"end":{"line":68,"column":22}},"type":"default-arg","locations":[{"start":{"line":68,"column":20},"end":{"line":68,"column":22}}],"line":68},"5":{"loc":{"start":{"line":69,"column":8},"end":{"line":69,"column":25}},"type":"default-arg","locations":[{"start":{"line":69,"column":23},"end":{"line":69,"column":25}}],"line":69},"6":{"loc":{"start":{"line":73,"column":16},"end":{"line":73,"column":38}},"type":"binary-expr","locations":[{"start":{"line":73,"column":16},"end":{"line":73,"column":25}},{"start":{"line":73,"column":29},"end":{"line":73,"column":38}}],"line":73},"7":{"loc":{"start":{"line":74,"column":15},"end":{"line":74,"column":36}},"type":"binary-expr","locations":[{"start":{"line":74,"column":15},"end":{"line":74,"column":23}},{"start":{"line":74,"column":27},"end":{"line":74,"column":36}}],"line":74},"8":{"loc":{"start":{"line":75,"column":18},"end":{"line":75,"column":42}},"type":"binary-expr","locations":[{"start":{"line":75,"column":18},"end":{"line":75,"column":29}},{"start":{"line":75,"column":33},"end":{"line":75,"column":42}}],"line":75},"9":{"loc":{"start":{"line":76,"column":18},"end":{"line":76,"column":42}},"type":"binary-expr","locations":[{"start":{"line":76,"column":18},"end":{"line":76,"column":29}},{"start":{"line":76,"column":33},"end":{"line":76,"column":42}}],"line":76},"10":{"loc":{"start":{"line":77,"column":18},"end":{"line":77,"column":42}},"type":"binary-expr","locations":[{"start":{"line":77,"column":18},"end":{"line":77,"column":29}},{"start":{"line":77,"column":33},"end":{"line":77,"column":42}}],"line":77},"11":{"loc":{"start":{"line":81,"column":30},"end":{"line":81,"column":119}},"type":"cond-expr","locations":[{"start":{"line":81,"column":66},"end":{"line":81,"column":110}},{"start":{"line":81,"column":113},"end":{"line":81,"column":119}}],"line":81},"12":{"loc":{"start":{"line":82,"column":32},"end":{"line":82,"column":125}},"type":"cond-expr","locations":[{"start":{"line":82,"column":70},"end":{"line":82,"column":116}},{"start":{"line":82,"column":119},"end":{"line":82,"column":125}}],"line":82},"13":{"loc":{"start":{"line":83,"column":21},"end":{"line":83,"column":94}},"type":"cond-expr","locations":[{"start":{"line":83,"column":49},"end":{"line":83,"column":85}},{"start":{"line":83,"column":88},"end":{"line":83,"column":94}}],"line":83},"14":{"loc":{"start":{"line":84,"column":24},"end":{"line":84,"column":101}},"type":"cond-expr","locations":[{"start":{"line":84,"column":54},"end":{"line":84,"column":92}},{"start":{"line":84,"column":95},"end":{"line":84,"column":101}}],"line":84},"15":{"loc":{"start":{"line":88,"column":34},"end":{"line":88,"column":71}},"type":"binary-expr","locations":[{"start":{"line":88,"column":34},"end":{"line":88,"column":58}},{"start":{"line":88,"column":62},"end":{"line":88,"column":71}}],"line":88},"16":{"loc":{"start":{"line":90,"column":23},"end":{"line":90,"column":59}},"type":"binary-expr","locations":[{"start":{"line":90,"column":23},"end":{"line":90,"column":46}},{"start":{"line":90,"column":50},"end":{"line":90,"column":59}}],"line":90},"17":{"loc":{"start":{"line":91,"column":19},"end":{"line":91,"column":51}},"type":"binary-expr","locations":[{"start":{"line":91,"column":19},"end":{"line":91,"column":38}},{"start":{"line":91,"column":42},"end":{"line":91,"column":51}}],"line":91},"18":{"loc":{"start":{"line":92,"column":21},"end":{"line":92,"column":55}},"type":"binary-expr","locations":[{"start":{"line":92,"column":21},"end":{"line":92,"column":42}},{"start":{"line":92,"column":46},"end":{"line":92,"column":55}}],"line":92},"19":{"loc":{"start":{"line":95,"column":22},"end":{"line":99,"column":10}},"type":"cond-expr","locations":[{"start":{"line":95,"column":34},"end":{"line":99,"column":5}},{"start":{"line":99,"column":8},"end":{"line":99,"column":10}}],"line":95},"20":{"loc":{"start":{"line":97,"column":29},"end":{"line":97,"column":64}},"type":"binary-expr","locations":[{"start":{"line":97,"column":29},"end":{"line":97,"column":51}},{"start":{"line":97,"column":55},"end":{"line":97,"column":64}}],"line":97},"21":{"loc":{"start":{"line":98,"column":22},"end":{"line":98,"column":100}},"type":"cond-expr","locations":[{"start":{"line":98,"column":41},"end":{"line":98,"column":88}},{"start":{"line":98,"column":91},"end":{"line":98,"column":100}}],"line":98},"22":{"loc":{"start":{"line":98,"column":41},"end":{"line":98,"column":88}},"type":"binary-expr","locations":[{"start":{"line":98,"column":41},"end":{"line":98,"column":75}},{"start":{"line":98,"column":79},"end":{"line":98,"column":88}}],"line":98},"23":{"loc":{"start":{"line":101,"column":25},"end":{"line":104,"column":10}},"type":"cond-expr","locations":[{"start":{"line":101,"column":40},"end":{"line":104,"column":5}},{"start":{"line":104,"column":8},"end":{"line":104,"column":10}}],"line":101},"24":{"loc":{"start":{"line":103,"column":34},"end":{"line":103,"column":135}},"type":"cond-expr","locations":[{"start":{"line":103,"column":63},"end":{"line":103,"column":123}},{"start":{"line":103,"column":126},"end":{"line":103,"column":135}}],"line":103},"25":{"loc":{"start":{"line":103,"column":63},"end":{"line":103,"column":123}},"type":"binary-expr","locations":[{"start":{"line":103,"column":63},"end":{"line":103,"column":110}},{"start":{"line":103,"column":114},"end":{"line":103,"column":123}}],"line":103},"26":{"loc":{"start":{"line":148,"column":4},"end":{"line":155,"column":5}},"type":"if","locations":[{"start":{"line":148,"column":4},"end":{"line":155,"column":5}},{"start":{},"end":{}}],"line":148},"27":{"loc":{"start":{"line":164,"column":4},"end":{"line":175,"column":5}},"type":"if","locations":[{"start":{"line":164,"column":4},"end":{"line":175,"column":5}},{"start":{},"end":{}}],"line":164},"28":{"loc":{"start":{"line":166,"column":8},"end":{"line":174,"column":9}},"type":"if","locations":[{"start":{"line":166,"column":8},"end":{"line":174,"column":9}},{"start":{},"end":{}}],"line":166},"29":{"loc":{"start":{"line":170,"column":12},"end":{"line":173,"column":13}},"type":"if","locations":[{"start":{"line":170,"column":12},"end":{"line":173,"column":13}},{"start":{},"end":{}}],"line":170},"30":{"loc":{"start":{"line":182,"column":8},"end":{"line":187,"column":9}},"type":"if","locations":[{"start":{"line":182,"column":8},"end":{"line":187,"column":9}},{"start":{"line":184,"column":15},"end":{"line":187,"column":9}}],"line":182}},"s":{"0":1,"1":1,"2":1,"3":1,"4":1,"5":1,"6":1,"7":1,"8":1,"9":1,"10":0,"11":0,"12":0,"13":0,"14":0,"15":0,"16":0,"17":0,"18":0,"19":0,"20":0,"21":0,"22":1,"23":0,"24":0,"25":0,"26":0,"27":0,"28":0,"29":0,"30":0,"31":0,"32":0,"33":1,"34":0,"35":0,"36":0,"37":0,"38":0,"39":0,"40":0,"41":1,"42":0,"43":0,"44":0,"45":0,"46":0,"47":0,"48":0,"49":0,"50":0,"51":1,"52":0,"53":0,"54":1,"55":0,"56":0,"57":0,"58":0,"59":1,"60":0,"61":0,"62":1,"63":0,"64":0,"65":0,"66":0,"67":0,"68":0,"69":0,"70":0,"71":0,"72":0,"73":1,"74":0,"75":0,"76":0,"77":0,"78":0,"79":0,"80":0,"81":0,"82":1,"83":0,"84":0,"85":0,"86":0,"87":0,"88":0,"89":0,"90":1,"91":0,"92":0,"93":0,"94":0,"95":0,"96":0,"97":0,"98":0,"99":1,"100":0,"101":0,"102":0,"103":0,"104":0,"105":0,"106":0,"107":1,"108":0,"109":0,"110":0,"111":0,"112":1},"f":{"0":0,"1":0,"2":0,"3":0,"4":0,"5":0,"6":0,"7":0,"8":0,"9":0,"10":0,"11":0,"12":0},"b":{"0":[0,0],"1":[0],"2":[0],"3":[0],"4":[0],"5":[0],"6":[0,0],"7":[0,0],"8":[0,0],"9":[0,0],"10":[0,0],"11":[0,0],"12":[0,0],"13":[0,0],"14":[0,0],"15":[0,0],"16":[0,0],"17":[0,0],"18":[0,0],"19":[0,0],"20":[0,0],"21":[0,0],"22":[0,0],"23":[0,0],"24":[0,0],"25":[0,0],"26":[0,0],"27":[0,0],"28":[0,0],"29":[0,0],"30":[0,0]},"_coverageSchema":"1a1c01bbd47fc00a2c39e90264f33305004495a9","hash":"39e763da4c37ff839fca9125027a72067fa44d63"}
}
