{"/Users/georgemitchell/Library/Mobile Documents/com~apple~CloudDocs/Nour2.0/Nour2.0/backend/app.js": {"path":"/Users/georgemitchell/Library/Mobile Documents/com~apple~CloudDocs/Nour2.0/Nour2.0/backend/app.js","statementMap":{"0":{"start":{"line":1,"column":0},"end":{"line":1,"column":27}},"1":{"start":{"line":3,"column":16},"end":{"line":3,"column":34}},"2":{"start":{"line":4,"column":13},"end":{"line":4,"column":28}},"3":{"start":{"line":5,"column":15},"end":{"line":5,"column":32}},"4":{"start":{"line":6,"column":17},"end":{"line":6,"column":36}},"5":{"start":{"line":7,"column":16},"end":{"line":7,"column":42}},"6":{"start":{"line":8,"column":23},"end":{"line":8,"column":74}},"7":{"start":{"line":9,"column":0},"end":{"line":9,"column":29}},"8":{"start":{"line":11,"column":57},"end":{"line":11,"column":85}},"9":{"start":{"line":12,"column":19},"end":{"line":12,"column":49}},"10":{"start":{"line":13,"column":22},"end":{"line":13,"column":55}},"11":{"start":{"line":14,"column":19},"end":{"line":14,"column":49}},"12":{"start":{"line":15,"column":24},"end":{"line":15,"column":59}},"13":{"start":{"line":16,"column":20},"end":{"line":16,"column":51}},"14":{"start":{"line":17,"column":19},"end":{"line":17,"column":49}},"15":{"start":{"line":18,"column":29},"end":{"line":18,"column":74}},"16":{"start":{"line":19,"column":30},"end":{"line":19,"column":71}},"17":{"start":{"line":20,"column":27},"end":{"line":20,"column":65}},"18":{"start":{"line":22,"column":0},"end":{"line":22,"column":45}},"19":{"start":{"line":23,"column":0},"end":{"line":23,"column":59}},"20":{"start":{"line":24,"column":0},"end":{"line":24,"column":53}},"21":{"start":{"line":25,"column":0},"end":{"line":25,"column":61}},"22":{"start":{"line":26,"column":0},"end":{"line":26,"column":69}},"23":{"start":{"line":27,"column":0},"end":{"line":27,"column":67}},"24":{"start":{"line":28,"column":0},"end":{"line":28,"column":67}},"25":{"start":{"line":30,"column":12},"end":{"line":30,"column":21}},"26":{"start":{"line":33,"column":0},"end":{"line":42,"column":5}},"27":{"start":{"line":34,"column":4},"end":{"line":41,"column":5}},"28":{"start":{"line":35,"column":8},"end":{"line":35,"column":39}},"29":{"start":{"line":36,"column":8},"end":{"line":36,"column":44}},"30":{"start":{"line":37,"column":8},"end":{"line":37,"column":31}},"31":{"start":{"line":39,"column":8},"end":{"line":39,"column":59}},"32":{"start":{"line":40,"column":8},"end":{"line":40,"column":24}},"33":{"start":{"line":44,"column":0},"end":{"line":44,"column":24}},"34":{"start":{"line":45,"column":0},"end":{"line":45,"column":16}},"35":{"start":{"line":46,"column":0},"end":{"line":46,"column":23}},"36":{"start":{"line":48,"column":0},"end":{"line":54,"column":4}},"37":{"start":{"line":56,"column":0},"end":{"line":56,"column":31}},"38":{"start":{"line":57,"column":0},"end":{"line":57,"column":28}},"39":{"start":{"line":59,"column":0},"end":{"line":59,"column":33}},"40":{"start":{"line":60,"column":0},"end":{"line":60,"column":39}},"41":{"start":{"line":61,"column":0},"end":{"line":61,"column":34}},"42":{"start":{"line":62,"column":0},"end":{"line":62,"column":43}},"43":{"start":{"line":63,"column":0},"end":{"line":63,"column":35}},"44":{"start":{"line":64,"column":0},"end":{"line":64,"column":33}},"45":{"start":{"line":65,"column":0},"end":{"line":65,"column":67}},"46":{"start":{"line":66,"column":0},"end":{"line":66,"column":56}},"47":{"start":{"line":67,"column":0},"end":{"line":67,"column":50}},"48":{"start":{"line":69,"column":0},"end":{"line":75,"column":3}},"49":{"start":{"line":70,"column":4},"end":{"line":74,"column":5}},"50":{"start":{"line":71,"column":8},"end":{"line":71,"column":46}},"51":{"start":{"line":73,"column":8},"end":{"line":73,"column":31}},"52":{"start":{"line":77,"column":0},"end":{"line":79,"column":3}},"53":{"start":{"line":78,"column":4},"end":{"line":78,"column":28}},"54":{"start":{"line":81,"column":0},"end":{"line":87,"column":3}},"55":{"start":{"line":82,"column":23},"end":{"line":82,"column":44}},"56":{"start":{"line":83,"column":4},"end":{"line":86,"column":7}},"57":{"start":{"line":89,"column":25},"end":{"line":103,"column":1}},"58":{"start":{"line":90,"column":4},"end":{"line":102,"column":7}},"59":{"start":{"line":91,"column":8},"end":{"line":91,"column":44}},"60":{"start":{"line":92,"column":8},"end":{"line":98,"column":11}},"61":{"start":{"line":93,"column":12},"end":{"line":93,"column":51}},"62":{"start":{"line":94,"column":12},"end":{"line":94,"column":28}},"63":{"start":{"line":96,"column":12},"end":{"line":96,"column":60}},"64":{"start":{"line":97,"column":12},"end":{"line":97,"column":28}},"65":{"start":{"line":100,"column":8},"end":{"line":100,"column":53}},"66":{"start":{"line":101,"column":8},"end":{"line":101,"column":24}},"67":{"start":{"line":105,"column":0},"end":{"line":105,"column":39}},"68":{"start":{"line":106,"column":0},"end":{"line":106,"column":40}},"69":{"start":{"line":108,"column":0},"end":{"line":108,"column":21}}},"fnMap":{"0":{"name":"(anonymous_0)","decl":{"start":{"line":33,"column":1},"end":{"line":33,"column":2}},"loc":{"start":{"line":33,"column":13},"end":{"line":42,"column":1}},"line":33},"1":{"name":"(anonymous_1)","decl":{"start":{"line":69,"column":22},"end":{"line":69,"column":23}},"loc":{"start":{"line":69,"column":36},"end":{"line":75,"column":1}},"line":69},"2":{"name":"(anonymous_2)","decl":{"start":{"line":77,"column":13},"end":{"line":77,"column":14}},"loc":{"start":{"line":77,"column":27},"end":{"line":79,"column":1}},"line":77},"3":{"name":"(anonymous_3)","decl":{"start":{"line":81,"column":8},"end":{"line":81,"column":9}},"loc":{"start":{"line":81,"column":33},"end":{"line":87,"column":1}},"line":81},"4":{"name":"(anonymous_4)","decl":{"start":{"line":89,"column":25},"end":{"line":89,"column":26}},"loc":{"start":{"line":89,"column":31},"end":{"line":103,"column":1}},"line":89},"5":{"name":"(anonymous_5)","decl":{"start":{"line":90,"column":29},"end":{"line":90,"column":30}},"loc":{"start":{"line":90,"column":35},"end":{"line":99,"column":5}},"line":90},"6":{"name":"(anonymous_6)","decl":{"start":{"line":92,"column":31},"end":{"line":92,"column":32}},"loc":{"start":{"line":92,"column":37},"end":{"line":95,"column":9}},"line":92},"7":{"name":"(anonymous_7)","decl":{"start":{"line":95,"column":17},"end":{"line":95,"column":18}},"loc":{"start":{"line":95,"column":24},"end":{"line":98,"column":9}},"line":95},"8":{"name":"(anonymous_8)","decl":{"start":{"line":99,"column":13},"end":{"line":99,"column":14}},"loc":{"start":{"line":99,"column":20},"end":{"line":102,"column":5}},"line":99}},"branchMap":{"0":{"loc":{"start":{"line":70,"column":4},"end":{"line":74,"column":5}},"type":"if","locations":[{"start":{"line":70,"column":4},"end":{"line":74,"column":5}},{"start":{"line":72,"column":11},"end":{"line":74,"column":5}}],"line":70},"1":{"loc":{"start":{"line":82,"column":23},"end":{"line":82,"column":44}},"type":"binary-expr","locations":[{"start":{"line":82,"column":23},"end":{"line":82,"column":37}},{"start":{"line":82,"column":41},"end":{"line":82,"column":44}}],"line":82},"2":{"loc":{"start":{"line":85,"column":15},"end":{"line":85,"column":71}},"type":"cond-expr","locations":[{"start":{"line":85,"column":55},"end":{"line":85,"column":59}},{"start":{"line":85,"column":62},"end":{"line":85,"column":71}}],"line":85}},"s":{"0":1,"1":1,"2":1,"3":1,"4":1,"5":1,"6":1,"7":1,"8":1,"9":1,"10":1,"11":1,"12":1,"13":1,"14":1,"15":1,"16":1,"17":1,"18":1,"19":1,"20":1,"21":1,"22":1,"23":1,"24":1,"25":1,"26":1,"27":1,"28":1,"29":1,"30":1,"31":0,"32":0,"33":1,"34":1,"35":1,"36":1,"37":1,"38":1,"39":1,"40":1,"41":1,"42":1,"43":1,"44":1,"45":1,"46":1,"47":1,"48":1,"49":0,"50":0,"51":0,"52":1,"53":0,"54":1,"55":0,"56":0,"57":1,"58":0,"59":0,"60":0,"61":0,"62":0,"63":0,"64":0,"65":0,"66":0,"67":1,"68":1,"69":1},"f":{"0":1,"1":0,"2":0,"3":0,"4":0,"5":0,"6":0,"7":0,"8":0},"b":{"0":[0,0],"1":[0,0],"2":[0,0]},"_coverageSchema":"1a1c01bbd47fc00a2c39e90264f33305004495a9","hash":"1100faf52aaa5cd5b0b48d8ebc2ea35f9eb0fb00"}
,"/Users/georgemitchell/Library/Mobile Documents/com~apple~CloudDocs/Nour2.0/Nour2.0/backend/config/database.js": {"path":"/Users/georgemitchell/Library/Mobile Documents/com~apple~CloudDocs/Nour2.0/Nour2.0/backend/config/database.js","statementMap":{"0":{"start":{"line":3,"column":22},"end":{"line":3,"column":42}},"1":{"start":{"line":4,"column":17},"end":{"line":4,"column":36}},"2":{"start":{"line":5,"column":15},"end":{"line":5,"column":32}},"3":{"start":{"line":7,"column":0},"end":{"line":7,"column":16}},"4":{"start":{"line":9,"column":18},"end":{"line":17,"column":2}},"5":{"start":{"line":19,"column":23},"end":{"line":19,"column":28}},"6":{"start":{"line":21,"column":23},"end":{"line":30,"column":1}},"7":{"start":{"line":22,"column":2},"end":{"line":29,"column":3}},"8":{"start":{"line":23,"column":4},"end":{"line":26,"column":7}},"9":{"start":{"line":27,"column":4},"end":{"line":27,"column":28}},"10":{"start":{"line":28,"column":4},"end":{"line":28,"column":37}},"11":{"start":{"line":32,"column":26},"end":{"line":38,"column":1}},"12":{"start":{"line":33,"column":2},"end":{"line":37,"column":3}},"13":{"start":{"line":34,"column":4},"end":{"line":34,"column":32}},"14":{"start":{"line":35,"column":4},"end":{"line":35,"column":29}},"15":{"start":{"line":36,"column":4},"end":{"line":36,"column":40}},"16":{"start":{"line":40,"column":0},"end":{"line":40,"column":66}}},"fnMap":{"0":{"name":"(anonymous_0)","decl":{"start":{"line":21,"column":23},"end":{"line":21,"column":24}},"loc":{"start":{"line":21,"column":35},"end":{"line":30,"column":1}},"line":21},"1":{"name":"(anonymous_1)","decl":{"start":{"line":32,"column":26},"end":{"line":32,"column":27}},"loc":{"start":{"line":32,"column":38},"end":{"line":38,"column":1}},"line":32}},"branchMap":{"0":{"loc":{"start":{"line":22,"column":2},"end":{"line":29,"column":3}},"type":"if","locations":[{"start":{"line":22,"column":2},"end":{"line":29,"column":3}},{"start":{},"end":{}}],"line":22},"1":{"loc":{"start":{"line":33,"column":2},"end":{"line":37,"column":3}},"type":"if","locations":[{"start":{"line":33,"column":2},"end":{"line":37,"column":3}},{"start":{},"end":{}}],"line":33}},"s":{"0":1,"1":1,"2":1,"3":1,"4":1,"5":1,"6":1,"7":1,"8":0,"9":0,"10":0,"11":1,"12":0,"13":0,"14":0,"15":0,"16":1},"f":{"0":1,"1":0},"b":{"0":[0,1],"1":[0,0]},"_coverageSchema":"1a1c01bbd47fc00a2c39e90264f33305004495a9","hash":"abf3f0e3b948f1ff2bb68c0a7d3e71f48e205925"}
,"/Users/georgemitchell/Library/Mobile Documents/com~apple~CloudDocs/Nour2.0/Nour2.0/backend/config/passport.js": {"path":"/Users/georgemitchell/Library/Mobile Documents/com~apple~CloudDocs/Nour2.0/Nour2.0/backend/config/passport.js","statementMap":{"0":{"start":{"line":1,"column":17},"end":{"line":1,"column":36}},"1":{"start":{"line":2,"column":23},"end":{"line":2,"column":58}},"2":{"start":{"line":3,"column":20},"end":{"line":3,"column":52}},"3":{"start":{"line":4,"column":19},"end":{"line":4,"column":53}},"4":{"start":{"line":5,"column":14},"end":{"line":5,"column":35}},"5":{"start":{"line":6,"column":13},"end":{"line":6,"column":38}},"6":{"start":{"line":8,"column":25},"end":{"line":16,"column":1}},"7":{"start":{"line":18,"column":22},"end":{"line":40,"column":2}},"8":{"start":{"line":19,"column":4},"end":{"line":39,"column":5}},"9":{"start":{"line":20,"column":28},"end":{"line":20,"column":59}},"10":{"start":{"line":21,"column":19},"end":{"line":21,"column":78}},"11":{"start":{"line":23,"column":8},"end":{"line":30,"column":9}},"12":{"start":{"line":24,"column":12},"end":{"line":29,"column":15}},"13":{"start":{"line":32,"column":8},"end":{"line":32,"column":44}},"14":{"start":{"line":33,"column":8},"end":{"line":33,"column":46}},"15":{"start":{"line":34,"column":8},"end":{"line":34,"column":26}},"16":{"start":{"line":36,"column":8},"end":{"line":36,"column":25}},"17":{"start":{"line":38,"column":8},"end":{"line":38,"column":20}},"18":{"start":{"line":42,"column":0},"end":{"line":42,"column":41}},"19":{"start":{"line":44,"column":0},"end":{"line":46,"column":3}},"20":{"start":{"line":45,"column":4},"end":{"line":45,"column":24}},"21":{"start":{"line":48,"column":0},"end":{"line":55,"column":3}},"22":{"start":{"line":49,"column":4},"end":{"line":54,"column":5}},"23":{"start":{"line":50,"column":21},"end":{"line":50,"column":44}},"24":{"start":{"line":51,"column":8},"end":{"line":51,"column":25}},"25":{"start":{"line":53,"column":8},"end":{"line":53,"column":20}},"26":{"start":{"line":57,"column":21},"end":{"line":63,"column":1}},"27":{"start":{"line":58,"column":21},"end":{"line":60,"column":6}},"28":{"start":{"line":61,"column":20},"end":{"line":61,"column":41}},"29":{"start":{"line":62,"column":4},"end":{"line":62,"column":19}},"30":{"start":{"line":66,"column":13},"end":{"line":69,"column":1}},"31":{"start":{"line":71,"column":0},"end":{"line":82,"column":4}},"32":{"start":{"line":72,"column":4},"end":{"line":81,"column":5}},"33":{"start":{"line":73,"column":21},"end":{"line":73,"column":56}},"34":{"start":{"line":74,"column":8},"end":{"line":76,"column":9}},"35":{"start":{"line":75,"column":12},"end":{"line":75,"column":36}},"36":{"start":{"line":77,"column":8},"end":{"line":77,"column":33}},"37":{"start":{"line":79,"column":8},"end":{"line":79,"column":55}},"38":{"start":{"line":80,"column":8},"end":{"line":80,"column":34}},"39":{"start":{"line":84,"column":0},"end":{"line":84,"column":26}}},"fnMap":{"0":{"name":"(anonymous_0)","decl":{"start":{"line":18,"column":59},"end":{"line":18,"column":60}},"loc":{"start":{"line":18,"column":111},"end":{"line":40,"column":1}},"line":18},"1":{"name":"(anonymous_1)","decl":{"start":{"line":44,"column":23},"end":{"line":44,"column":24}},"loc":{"start":{"line":44,"column":39},"end":{"line":46,"column":1}},"line":44},"2":{"name":"(anonymous_2)","decl":{"start":{"line":48,"column":25},"end":{"line":48,"column":26}},"loc":{"start":{"line":48,"column":45},"end":{"line":55,"column":1}},"line":48},"3":{"name":"(anonymous_3)","decl":{"start":{"line":57,"column":21},"end":{"line":57,"column":22}},"loc":{"start":{"line":57,"column":44},"end":{"line":63,"column":1}},"line":57},"4":{"name":"(anonymous_4)","decl":{"start":{"line":71,"column":35},"end":{"line":71,"column":36}},"loc":{"start":{"line":71,"column":64},"end":{"line":82,"column":1}},"line":71}},"branchMap":{"0":{"loc":{"start":{"line":23,"column":8},"end":{"line":30,"column":9}},"type":"if","locations":[{"start":{"line":23,"column":8},"end":{"line":30,"column":9}},{"start":{},"end":{}}],"line":23},"1":{"loc":{"start":{"line":27,"column":22},"end":{"line":27,"column":56}},"type":"binary-expr","locations":[{"start":{"line":27,"column":22},"end":{"line":27,"column":38}},{"start":{"line":27,"column":42},"end":{"line":27,"column":56}}],"line":27},"2":{"loc":{"start":{"line":74,"column":8},"end":{"line":76,"column":9}},"type":"if","locations":[{"start":{"line":74,"column":8},"end":{"line":76,"column":9}},{"start":{},"end":{}}],"line":74}},"s":{"0":1,"1":1,"2":1,"3":1,"4":1,"5":1,"6":1,"7":1,"8":0,"9":0,"10":0,"11":0,"12":0,"13":0,"14":0,"15":0,"16":0,"17":0,"18":1,"19":1,"20":0,"21":1,"22":0,"23":0,"24":0,"25":0,"26":1,"27":0,"28":0,"29":0,"30":1,"31":1,"32":0,"33":0,"34":0,"35":0,"36":0,"37":0,"38":0,"39":1},"f":{"0":0,"1":0,"2":0,"3":0,"4":0},"b":{"0":[0,0],"1":[0,0],"2":[0,0]},"_coverageSchema":"1a1c01bbd47fc00a2c39e90264f33305004495a9","hash":"7517bf410132fb551fba35dd50dc48f621666070"}
,"/Users/georgemitchell/Library/Mobile Documents/com~apple~CloudDocs/Nour2.0/Nour2.0/backend/controllers/authController.js": {"path":"/Users/georgemitchell/Library/Mobile Documents/com~apple~CloudDocs/Nour2.0/Nour2.0/backend/controllers/authController.js","statementMap":{"0":{"start":{"line":1,"column":15},"end":{"line":1,"column":34}},"1":{"start":{"line":2,"column":12},"end":{"line":2,"column":35}},"2":{"start":{"line":3,"column":13},"end":{"line":3,"column":38}},"3":{"start":{"line":4,"column":26},"end":{"line":4,"column":46}},"4":{"start":{"line":7,"column":23},"end":{"line":11,"column":1}},"5":{"start":{"line":8,"column":22},"end":{"line":8,"column":93}},"6":{"start":{"line":9,"column":23},"end":{"line":9,"column":101}},"7":{"start":{"line":10,"column":2},"end":{"line":10,"column":39}},"8":{"start":{"line":14,"column":0},"end":{"line":24,"column":2}},"9":{"start":{"line":15,"column":36},"end":{"line":15,"column":44}},"10":{"start":{"line":16,"column":2},"end":{"line":23,"column":3}},"11":{"start":{"line":17,"column":27},"end":{"line":17,"column":58}},"12":{"start":{"line":18,"column":17},"end":{"line":18,"column":98}},"13":{"start":{"line":19,"column":42},"end":{"line":19,"column":62}},"14":{"start":{"line":20,"column":4},"end":{"line":20,"column":56}},"15":{"start":{"line":22,"column":4},"end":{"line":22,"column":53}},"16":{"start":{"line":27,"column":0},"end":{"line":58,"column":2}},"17":{"start":{"line":28,"column":30},"end":{"line":28,"column":38}},"18":{"start":{"line":29,"column":2},"end":{"line":57,"column":3}},"19":{"start":{"line":30,"column":17},"end":{"line":36,"column":6}},"20":{"start":{"line":38,"column":4},"end":{"line":40,"column":5}},"21":{"start":{"line":39,"column":6},"end":{"line":39,"column":65}},"22":{"start":{"line":42,"column":20},"end":{"line":42,"column":65}},"23":{"start":{"line":43,"column":4},"end":{"line":45,"column":5}},"24":{"start":{"line":44,"column":6},"end":{"line":44,"column":70}},"25":{"start":{"line":47,"column":42},"end":{"line":47,"column":62}},"26":{"start":{"line":50,"column":4},"end":{"line":50,"column":35}},"27":{"start":{"line":51,"column":4},"end":{"line":51,"column":22}},"28":{"start":{"line":53,"column":4},"end":{"line":53,"column":56}},"29":{"start":{"line":55,"column":4},"end":{"line":55,"column":51}},"30":{"start":{"line":56,"column":4},"end":{"line":56,"column":54}},"31":{"start":{"line":61,"column":0},"end":{"line":83,"column":2}},"32":{"start":{"line":62,"column":27},"end":{"line":62,"column":38}},"33":{"start":{"line":64,"column":2},"end":{"line":66,"column":3}},"34":{"start":{"line":65,"column":4},"end":{"line":65,"column":70}},"35":{"start":{"line":68,"column":2},"end":{"line":82,"column":5}},"36":{"start":{"line":69,"column":4},"end":{"line":71,"column":5}},"37":{"start":{"line":70,"column":6},"end":{"line":70,"column":72}},"38":{"start":{"line":73,"column":17},"end":{"line":73,"column":48}},"39":{"start":{"line":74,"column":4},"end":{"line":76,"column":5}},"40":{"start":{"line":75,"column":6},"end":{"line":75,"column":65}},"41":{"start":{"line":78,"column":59},"end":{"line":78,"column":79}},"42":{"start":{"line":80,"column":4},"end":{"line":80,"column":102}},"43":{"start":{"line":81,"column":4},"end":{"line":81,"column":30}},"44":{"start":{"line":86,"column":0},"end":{"line":88,"column":2}},"45":{"start":{"line":87,"column":2},"end":{"line":87,"column":50}}},"fnMap":{"0":{"name":"(anonymous_0)","decl":{"start":{"line":7,"column":23},"end":{"line":7,"column":24}},"loc":{"start":{"line":7,"column":33},"end":{"line":11,"column":1}},"line":7},"1":{"name":"(anonymous_1)","decl":{"start":{"line":14,"column":19},"end":{"line":14,"column":20}},"loc":{"start":{"line":14,"column":39},"end":{"line":24,"column":1}},"line":14},"2":{"name":"(anonymous_2)","decl":{"start":{"line":27,"column":16},"end":{"line":27,"column":17}},"loc":{"start":{"line":27,"column":36},"end":{"line":58,"column":1}},"line":27},"3":{"name":"(anonymous_3)","decl":{"start":{"line":61,"column":23},"end":{"line":61,"column":24}},"loc":{"start":{"line":61,"column":37},"end":{"line":83,"column":1}},"line":61},"4":{"name":"(anonymous_4)","decl":{"start":{"line":68,"column":59},"end":{"line":68,"column":60}},"loc":{"start":{"line":68,"column":83},"end":{"line":82,"column":3}},"line":68},"5":{"name":"(anonymous_5)","decl":{"start":{"line":86,"column":17},"end":{"line":86,"column":18}},"loc":{"start":{"line":86,"column":31},"end":{"line":88,"column":1}},"line":86}},"branchMap":{"0":{"loc":{"start":{"line":38,"column":4},"end":{"line":40,"column":5}},"type":"if","locations":[{"start":{"line":38,"column":4},"end":{"line":40,"column":5}},{"start":{},"end":{}}],"line":38},"1":{"loc":{"start":{"line":43,"column":4},"end":{"line":45,"column":5}},"type":"if","locations":[{"start":{"line":43,"column":4},"end":{"line":45,"column":5}},{"start":{},"end":{}}],"line":43},"2":{"loc":{"start":{"line":64,"column":2},"end":{"line":66,"column":3}},"type":"if","locations":[{"start":{"line":64,"column":2},"end":{"line":66,"column":3}},{"start":{},"end":{}}],"line":64},"3":{"loc":{"start":{"line":69,"column":4},"end":{"line":71,"column":5}},"type":"if","locations":[{"start":{"line":69,"column":4},"end":{"line":71,"column":5}},{"start":{},"end":{}}],"line":69},"4":{"loc":{"start":{"line":74,"column":4},"end":{"line":76,"column":5}},"type":"if","locations":[{"start":{"line":74,"column":4},"end":{"line":76,"column":5}},{"start":{},"end":{}}],"line":74}},"s":{"0":1,"1":1,"2":1,"3":1,"4":1,"5":0,"6":0,"7":0,"8":1,"9":0,"10":0,"11":0,"12":0,"13":0,"14":0,"15":0,"16":1,"17":0,"18":0,"19":0,"20":0,"21":0,"22":0,"23":0,"24":0,"25":0,"26":0,"27":0,"28":0,"29":0,"30":0,"31":1,"32":0,"33":0,"34":0,"35":0,"36":0,"37":0,"38":0,"39":0,"40":0,"41":0,"42":0,"43":0,"44":1,"45":0},"f":{"0":0,"1":0,"2":0,"3":0,"4":0,"5":0},"b":{"0":[0,0],"1":[0,0],"2":[0,0],"3":[0,0],"4":[0,0]},"_coverageSchema":"1a1c01bbd47fc00a2c39e90264f33305004495a9","hash":"5ca5ca6bc7b04be359d37fcd7b0da4d12b6913d2"}
,"/Users/georgemitchell/Library/Mobile Documents/com~apple~CloudDocs/Nour2.0/Nour2.0/backend/controllers/inventoryUploadController.js": {"path":"/Users/georgemitchell/Library/Mobile Documents/com~apple~CloudDocs/Nour2.0/Nour2.0/backend/controllers/inventoryUploadController.js","statementMap":{"0":{"start":{"line":3,"column":15},"end":{"line":3,"column":32}},"1":{"start":{"line":4,"column":11},"end":{"line":4,"column":24}},"2":{"start":{"line":5,"column":14},"end":{"line":5,"column":30}},"3":{"start":{"line":6,"column":13},"end":{"line":6,"column":28}},"4":{"start":{"line":7,"column":29},"end":{"line":7,"column":56}},"5":{"start":{"line":8,"column":85},"end":{"line":8,"column":112}},"6":{"start":{"line":9,"column":25},"end":{"line":9,"column":61}},"7":{"start":{"line":11,"column":19},"end":{"line":11,"column":69}},"8":{"start":{"line":12,"column":0},"end":{"line":14,"column":1}},"9":{"start":{"line":13,"column":4},"end":{"line":13,"column":50}},"10":{"start":{"line":16,"column":16},"end":{"line":19,"column":2}},"11":{"start":{"line":17,"column":38},"end":{"line":17,"column":59}},"12":{"start":{"line":18,"column":35},"end":{"line":18,"column":82}},"13":{"start":{"line":20,"column":15},"end":{"line":20,"column":68}},"14":{"start":{"line":23,"column":4},"end":{"line":23,"column":62}},"15":{"start":{"line":27,"column":4},"end":{"line":66,"column":5}},"16":{"start":{"line":28,"column":8},"end":{"line":28,"column":70}},"17":{"start":{"line":29,"column":28},"end":{"line":29,"column":58}},"18":{"start":{"line":30,"column":8},"end":{"line":30,"column":58}},"19":{"start":{"line":32,"column":25},"end":{"line":55,"column":10}},"20":{"start":{"line":57,"column":8},"end":{"line":62,"column":9}},"21":{"start":{"line":58,"column":12},"end":{"line":58,"column":55}},"22":{"start":{"line":59,"column":12},"end":{"line":59,"column":72}},"23":{"start":{"line":61,"column":12},"end":{"line":61,"column":79}},"24":{"start":{"line":64,"column":8},"end":{"line":64,"column":54}},"25":{"start":{"line":65,"column":8},"end":{"line":65,"column":20}},"26":{"start":{"line":70,"column":4},"end":{"line":70,"column":64}},"27":{"start":{"line":71,"column":25},"end":{"line":85,"column":222}},"28":{"start":{"line":87,"column":26},"end":{"line":101,"column":222}},"29":{"start":{"line":103,"column":4},"end":{"line":109,"column":5}},"30":{"start":{"line":104,"column":8},"end":{"line":104,"column":28}},"31":{"start":{"line":105,"column":11},"end":{"line":109,"column":5}},"32":{"start":{"line":106,"column":8},"end":{"line":106,"column":29}},"33":{"start":{"line":108,"column":8},"end":{"line":108,"column":46}},"34":{"start":{"line":113,"column":4},"end":{"line":113,"column":61}},"35":{"start":{"line":114,"column":4},"end":{"line":120,"column":5}},"36":{"start":{"line":115,"column":8},"end":{"line":115,"column":24}},"37":{"start":{"line":116,"column":11},"end":{"line":120,"column":5}},"38":{"start":{"line":117,"column":8},"end":{"line":117,"column":25}},"39":{"start":{"line":119,"column":8},"end":{"line":119,"column":55}},"40":{"start":{"line":124,"column":4},"end":{"line":124,"column":52}},"41":{"start":{"line":125,"column":4},"end":{"line":176,"column":7}},"42":{"start":{"line":126,"column":8},"end":{"line":128,"column":9}},"43":{"start":{"line":127,"column":12},"end":{"line":127,"column":66}},"44":{"start":{"line":130,"column":35},"end":{"line":130,"column":43}},"45":{"start":{"line":131,"column":23},"end":{"line":131,"column":52}},"46":{"start":{"line":133,"column":8},"end":{"line":135,"column":9}},"47":{"start":{"line":134,"column":12},"end":{"line":134,"column":85}},"48":{"start":{"line":137,"column":8},"end":{"line":175,"column":9}},"49":{"start":{"line":138,"column":12},"end":{"line":138,"column":98}},"50":{"start":{"line":139,"column":30},"end":{"line":139,"column":70}},"51":{"start":{"line":140,"column":27},"end":{"line":140,"column":59}},"52":{"start":{"line":141,"column":45},"end":{"line":141,"column":96}},"53":{"start":{"line":143,"column":12},"end":{"line":145,"column":13}},"54":{"start":{"line":144,"column":16},"end":{"line":144,"column":95}},"55":{"start":{"line":147,"column":37},"end":{"line":147,"column":84}},"56":{"start":{"line":148,"column":35},"end":{"line":148,"column":69}},"57":{"start":{"line":150,"column":23},"end":{"line":150,"column":47}},"58":{"start":{"line":151,"column":40},"end":{"line":151,"column":66}},"59":{"start":{"line":152,"column":32},"end":{"line":152,"column":70}},"60":{"start":{"line":154,"column":32},"end":{"line":154,"column":104}},"61":{"start":{"line":156,"column":12},"end":{"line":159,"column":13}},"62":{"start":{"line":157,"column":16},"end":{"line":157,"column":81}},"63":{"start":{"line":158,"column":16},"end":{"line":158,"column":67}},"64":{"start":{"line":161,"column":12},"end":{"line":164,"column":14}},"65":{"start":{"line":166,"column":12},"end":{"line":166,"column":124}},"66":{"start":{"line":168,"column":12},"end":{"line":168,"column":80}},"67":{"start":{"line":170,"column":12},"end":{"line":174,"column":13}},"68":{"start":{"line":171,"column":16},"end":{"line":173,"column":19}},"69":{"start":{"line":172,"column":20},"end":{"line":172,"column":72}},"70":{"start":{"line":172,"column":29},"end":{"line":172,"column":72}},"71":{"start":{"line":179,"column":0},"end":{"line":179,"column":43}}},"fnMap":{"0":{"name":"(anonymous_0)","decl":{"start":{"line":17,"column":17},"end":{"line":17,"column":18}},"loc":{"start":{"line":17,"column":36},"end":{"line":17,"column":61}},"line":17},"1":{"name":"(anonymous_1)","decl":{"start":{"line":18,"column":14},"end":{"line":18,"column":15}},"loc":{"start":{"line":18,"column":33},"end":{"line":18,"column":84}},"line":18},"2":{"name":"encodeImageToBase64","decl":{"start":{"line":22,"column":9},"end":{"line":22,"column":28}},"loc":{"start":{"line":22,"column":40},"end":{"line":24,"column":1}},"line":22},"3":{"name":"analyzeImage","decl":{"start":{"line":26,"column":15},"end":{"line":26,"column":27}},"loc":{"start":{"line":26,"column":47},"end":{"line":67,"column":1}},"line":26},"4":{"name":"getPromptForImageType","decl":{"start":{"line":69,"column":9},"end":{"line":69,"column":30}},"loc":{"start":{"line":69,"column":42},"end":{"line":110,"column":1}},"line":69},"5":{"name":"detectImageType","decl":{"start":{"line":112,"column":9},"end":{"line":112,"column":24}},"loc":{"start":{"line":112,"column":36},"end":{"line":121,"column":1}},"line":112},"6":{"name":"handleInventoryUpload","decl":{"start":{"line":123,"column":15},"end":{"line":123,"column":36}},"loc":{"start":{"line":123,"column":53},"end":{"line":177,"column":1}},"line":123},"7":{"name":"(anonymous_7)","decl":{"start":{"line":125,"column":21},"end":{"line":125,"column":22}},"loc":{"start":{"line":125,"column":36},"end":{"line":176,"column":5}},"line":125},"8":{"name":"(anonymous_8)","decl":{"start":{"line":171,"column":51},"end":{"line":171,"column":52}},"loc":{"start":{"line":171,"column":60},"end":{"line":173,"column":17}},"line":171}},"branchMap":{"0":{"loc":{"start":{"line":12,"column":0},"end":{"line":14,"column":1}},"type":"if","locations":[{"start":{"line":12,"column":0},"end":{"line":14,"column":1}},{"start":{},"end":{}}],"line":12},"1":{"loc":{"start":{"line":57,"column":8},"end":{"line":62,"column":9}},"type":"if","locations":[{"start":{"line":57,"column":8},"end":{"line":62,"column":9}},{"start":{"line":60,"column":15},"end":{"line":62,"column":9}}],"line":57},"2":{"loc":{"start":{"line":57,"column":12},"end":{"line":57,"column":78}},"type":"binary-expr","locations":[{"start":{"line":57,"column":12},"end":{"line":57,"column":25}},{"start":{"line":57,"column":29},"end":{"line":57,"column":50}},{"start":{"line":57,"column":54},"end":{"line":57,"column":78}}],"line":57},"3":{"loc":{"start":{"line":103,"column":4},"end":{"line":109,"column":5}},"type":"if","locations":[{"start":{"line":103,"column":4},"end":{"line":109,"column":5}},{"start":{"line":105,"column":11},"end":{"line":109,"column":5}}],"line":103},"4":{"loc":{"start":{"line":105,"column":11},"end":{"line":109,"column":5}},"type":"if","locations":[{"start":{"line":105,"column":11},"end":{"line":109,"column":5}},{"start":{"line":107,"column":11},"end":{"line":109,"column":5}}],"line":105},"5":{"loc":{"start":{"line":114,"column":4},"end":{"line":120,"column":5}},"type":"if","locations":[{"start":{"line":114,"column":4},"end":{"line":120,"column":5}},{"start":{"line":116,"column":11},"end":{"line":120,"column":5}}],"line":114},"6":{"loc":{"start":{"line":116,"column":11},"end":{"line":120,"column":5}},"type":"if","locations":[{"start":{"line":116,"column":11},"end":{"line":120,"column":5}},{"start":{"line":118,"column":11},"end":{"line":120,"column":5}}],"line":116},"7":{"loc":{"start":{"line":126,"column":8},"end":{"line":128,"column":9}},"type":"if","locations":[{"start":{"line":126,"column":8},"end":{"line":128,"column":9}},{"start":{},"end":{}}],"line":126},"8":{"loc":{"start":{"line":131,"column":23},"end":{"line":131,"column":52}},"type":"cond-expr","locations":[{"start":{"line":131,"column":34},"end":{"line":131,"column":45}},{"start":{"line":131,"column":48},"end":{"line":131,"column":52}}],"line":131},"9":{"loc":{"start":{"line":133,"column":8},"end":{"line":135,"column":9}},"type":"if","locations":[{"start":{"line":133,"column":8},"end":{"line":135,"column":9}},{"start":{},"end":{}}],"line":133},"10":{"loc":{"start":{"line":143,"column":12},"end":{"line":145,"column":13}},"type":"if","locations":[{"start":{"line":143,"column":12},"end":{"line":145,"column":13}},{"start":{},"end":{}}],"line":143},"11":{"loc":{"start":{"line":156,"column":12},"end":{"line":159,"column":13}},"type":"if","locations":[{"start":{"line":156,"column":12},"end":{"line":159,"column":13}},{"start":{},"end":{}}],"line":156},"12":{"loc":{"start":{"line":170,"column":12},"end":{"line":174,"column":13}},"type":"if","locations":[{"start":{"line":170,"column":12},"end":{"line":174,"column":13}},{"start":{},"end":{}}],"line":170},"13":{"loc":{"start":{"line":170,"column":16},"end":{"line":170,"column":61}},"type":"binary-expr","locations":[{"start":{"line":170,"column":16},"end":{"line":170,"column":34}},{"start":{"line":170,"column":38},"end":{"line":170,"column":61}}],"line":170},"14":{"loc":{"start":{"line":172,"column":20},"end":{"line":172,"column":72}},"type":"if","locations":[{"start":{"line":172,"column":20},"end":{"line":172,"column":72}},{"start":{},"end":{}}],"line":172}},"s":{"0":1,"1":1,"2":1,"3":1,"4":1,"5":1,"6":1,"7":1,"8":1,"9":0,"10":1,"11":0,"12":0,"13":1,"14":0,"15":0,"16":0,"17":0,"18":0,"19":0,"20":0,"21":0,"22":0,"23":0,"24":0,"25":0,"26":0,"27":0,"28":0,"29":0,"30":0,"31":0,"32":0,"33":0,"34":0,"35":0,"36":0,"37":0,"38":0,"39":0,"40":0,"41":0,"42":0,"43":0,"44":0,"45":0,"46":0,"47":0,"48":0,"49":0,"50":0,"51":0,"52":0,"53":0,"54":0,"55":0,"56":0,"57":0,"58":0,"59":0,"60":0,"61":0,"62":0,"63":0,"64":0,"65":0,"66":0,"67":0,"68":0,"69":0,"70":0,"71":1},"f":{"0":0,"1":0,"2":0,"3":0,"4":0,"5":0,"6":0,"7":0,"8":0},"b":{"0":[0,1],"1":[0,0],"2":[0,0,0],"3":[0,0],"4":[0,0],"5":[0,0],"6":[0,0],"7":[0,0],"8":[0,0],"9":[0,0],"10":[0,0],"11":[0,0],"12":[0,0],"13":[0,0],"14":[0,0]},"_coverageSchema":"1a1c01bbd47fc00a2c39e90264f33305004495a9","hash":"dae714820436f80683f6dff97c4ebf187237b4a0"}
,"/Users/georgemitchell/Library/Mobile Documents/com~apple~CloudDocs/Nour2.0/Nour2.0/backend/controllers/mealController.js": {"path":"/Users/georgemitchell/Library/Mobile Documents/com~apple~CloudDocs/Nour2.0/Nour2.0/backend/controllers/mealController.js","statementMap":{"0":{"start":{"line":2,"column":13},"end":{"line":2,"column":38}},"1":{"start":{"line":5,"column":21},"end":{"line":8,"column":1}},"2":{"start":{"line":6,"column":16},"end":{"line":6,"column":106}},"3":{"start":{"line":7,"column":2},"end":{"line":7,"column":24}},"4":{"start":{"line":11,"column":17},"end":{"line":18,"column":1}},"5":{"start":{"line":12,"column":2},"end":{"line":17,"column":3}},"6":{"start":{"line":13,"column":18},"end":{"line":13,"column":72}},"7":{"start":{"line":14,"column":4},"end":{"line":14,"column":32}},"8":{"start":{"line":16,"column":4},"end":{"line":16,"column":53}},"9":{"start":{"line":21,"column":16},"end":{"line":36,"column":1}},"10":{"start":{"line":22,"column":2},"end":{"line":35,"column":3}},"11":{"start":{"line":23,"column":19},"end":{"line":23,"column":32}},"12":{"start":{"line":24,"column":4},"end":{"line":26,"column":5}},"13":{"start":{"line":25,"column":6},"end":{"line":25,"column":65}},"14":{"start":{"line":28,"column":17},"end":{"line":28,"column":44}},"15":{"start":{"line":29,"column":4},"end":{"line":31,"column":5}},"16":{"start":{"line":30,"column":6},"end":{"line":30,"column":65}},"17":{"start":{"line":32,"column":4},"end":{"line":32,"column":31}},"18":{"start":{"line":34,"column":4},"end":{"line":34,"column":53}},"19":{"start":{"line":39,"column":19},"end":{"line":100,"column":1}},"20":{"start":{"line":40,"column":2},"end":{"line":99,"column":3}},"21":{"start":{"line":64,"column":8},"end":{"line":64,"column":16}},"22":{"start":{"line":66,"column":4},"end":{"line":68,"column":5}},"23":{"start":{"line":67,"column":6},"end":{"line":67,"column":74}},"24":{"start":{"line":70,"column":17},"end":{"line":94,"column":6}},"25":{"start":{"line":96,"column":4},"end":{"line":96,"column":31}},"26":{"start":{"line":98,"column":4},"end":{"line":98,"column":53}},"27":{"start":{"line":103,"column":19},"end":{"line":168,"column":1}},"28":{"start":{"line":104,"column":2},"end":{"line":167,"column":3}},"29":{"start":{"line":105,"column":19},"end":{"line":105,"column":32}},"30":{"start":{"line":129,"column":8},"end":{"line":129,"column":16}},"31":{"start":{"line":131,"column":4},"end":{"line":133,"column":5}},"32":{"start":{"line":132,"column":6},"end":{"line":132,"column":65}},"33":{"start":{"line":135,"column":17},"end":{"line":135,"column":44}},"34":{"start":{"line":136,"column":4},"end":{"line":138,"column":5}},"35":{"start":{"line":137,"column":6},"end":{"line":137,"column":65}},"36":{"start":{"line":140,"column":4},"end":{"line":140,"column":34}},"37":{"start":{"line":141,"column":4},"end":{"line":141,"column":55}},"38":{"start":{"line":142,"column":4},"end":{"line":142,"column":46}},"39":{"start":{"line":143,"column":4},"end":{"line":143,"column":43}},"40":{"start":{"line":144,"column":4},"end":{"line":144,"column":37}},"41":{"start":{"line":145,"column":4},"end":{"line":145,"column":31}},"42":{"start":{"line":146,"column":4},"end":{"line":146,"column":64}},"43":{"start":{"line":147,"column":4},"end":{"line":147,"column":46}},"44":{"start":{"line":148,"column":4},"end":{"line":148,"column":46}},"45":{"start":{"line":149,"column":4},"end":{"line":149,"column":61}},"46":{"start":{"line":150,"column":4},"end":{"line":150,"column":58}},"47":{"start":{"line":151,"column":4},"end":{"line":151,"column":58}},"48":{"start":{"line":152,"column":4},"end":{"line":152,"column":40}},"49":{"start":{"line":153,"column":4},"end":{"line":153,"column":40}},"50":{"start":{"line":154,"column":4},"end":{"line":154,"column":55}},"51":{"start":{"line":155,"column":4},"end":{"line":155,"column":58}},"52":{"start":{"line":156,"column":4},"end":{"line":156,"column":58}},"53":{"start":{"line":157,"column":4},"end":{"line":157,"column":64}},"54":{"start":{"line":158,"column":4},"end":{"line":158,"column":40}},"55":{"start":{"line":159,"column":4},"end":{"line":159,"column":55}},"56":{"start":{"line":160,"column":4},"end":{"line":160,"column":37}},"57":{"start":{"line":161,"column":4},"end":{"line":161,"column":37}},"58":{"start":{"line":163,"column":4},"end":{"line":163,"column":22}},"59":{"start":{"line":164,"column":4},"end":{"line":164,"column":31}},"60":{"start":{"line":166,"column":4},"end":{"line":166,"column":53}},"61":{"start":{"line":171,"column":19},"end":{"line":187,"column":1}},"62":{"start":{"line":172,"column":2},"end":{"line":186,"column":3}},"63":{"start":{"line":173,"column":19},"end":{"line":173,"column":32}},"64":{"start":{"line":174,"column":4},"end":{"line":176,"column":5}},"65":{"start":{"line":175,"column":6},"end":{"line":175,"column":65}},"66":{"start":{"line":178,"column":17},"end":{"line":178,"column":44}},"67":{"start":{"line":179,"column":4},"end":{"line":181,"column":5}},"68":{"start":{"line":180,"column":6},"end":{"line":180,"column":65}},"69":{"start":{"line":182,"column":4},"end":{"line":182,"column":25}},"70":{"start":{"line":183,"column":4},"end":{"line":183,"column":67}},"71":{"start":{"line":185,"column":4},"end":{"line":185,"column":53}},"72":{"start":{"line":190,"column":16},"end":{"line":249,"column":1}},"73":{"start":{"line":191,"column":2},"end":{"line":248,"column":3}},"74":{"start":{"line":214,"column":8},"end":{"line":214,"column":16}},"75":{"start":{"line":216,"column":4},"end":{"line":218,"column":5}},"76":{"start":{"line":217,"column":6},"end":{"line":217,"column":74}},"77":{"start":{"line":220,"column":17},"end":{"line":243,"column":6}},"78":{"start":{"line":245,"column":4},"end":{"line":245,"column":31}},"79":{"start":{"line":247,"column":4},"end":{"line":247,"column":51}},"80":{"start":{"line":252,"column":0},"end":{"line":259,"column":2}}},"fnMap":{"0":{"name":"(anonymous_0)","decl":{"start":{"line":5,"column":21},"end":{"line":5,"column":22}},"loc":{"start":{"line":5,"column":29},"end":{"line":8,"column":1}},"line":5},"1":{"name":"(anonymous_1)","decl":{"start":{"line":11,"column":17},"end":{"line":11,"column":18}},"loc":{"start":{"line":11,"column":37},"end":{"line":18,"column":1}},"line":11},"2":{"name":"(anonymous_2)","decl":{"start":{"line":21,"column":16},"end":{"line":21,"column":17}},"loc":{"start":{"line":21,"column":36},"end":{"line":36,"column":1}},"line":21},"3":{"name":"(anonymous_3)","decl":{"start":{"line":39,"column":19},"end":{"line":39,"column":20}},"loc":{"start":{"line":39,"column":39},"end":{"line":100,"column":1}},"line":39},"4":{"name":"(anonymous_4)","decl":{"start":{"line":103,"column":19},"end":{"line":103,"column":20}},"loc":{"start":{"line":103,"column":39},"end":{"line":168,"column":1}},"line":103},"5":{"name":"(anonymous_5)","decl":{"start":{"line":171,"column":19},"end":{"line":171,"column":20}},"loc":{"start":{"line":171,"column":39},"end":{"line":187,"column":1}},"line":171},"6":{"name":"(anonymous_6)","decl":{"start":{"line":190,"column":16},"end":{"line":190,"column":17}},"loc":{"start":{"line":190,"column":36},"end":{"line":249,"column":1}},"line":190}},"branchMap":{"0":{"loc":{"start":{"line":24,"column":4},"end":{"line":26,"column":5}},"type":"if","locations":[{"start":{"line":24,"column":4},"end":{"line":26,"column":5}},{"start":{},"end":{}}],"line":24},"1":{"loc":{"start":{"line":29,"column":4},"end":{"line":31,"column":5}},"type":"if","locations":[{"start":{"line":29,"column":4},"end":{"line":31,"column":5}},{"start":{},"end":{}}],"line":29},"2":{"loc":{"start":{"line":29,"column":8},"end":{"line":29,"column":44}},"type":"binary-expr","locations":[{"start":{"line":29,"column":8},"end":{"line":29,"column":13}},{"start":{"line":29,"column":17},"end":{"line":29,"column":44}}],"line":29},"3":{"loc":{"start":{"line":66,"column":4},"end":{"line":68,"column":5}},"type":"if","locations":[{"start":{"line":66,"column":4},"end":{"line":68,"column":5}},{"start":{},"end":{}}],"line":66},"4":{"loc":{"start":{"line":66,"column":8},"end":{"line":66,"column":56}},"type":"binary-expr","locations":[{"start":{"line":66,"column":8},"end":{"line":66,"column":13}},{"start":{"line":66,"column":17},"end":{"line":66,"column":26}},{"start":{"line":66,"column":30},"end":{"line":66,"column":38}},{"start":{"line":66,"column":42},"end":{"line":66,"column":48}},{"start":{"line":66,"column":52},"end":{"line":66,"column":56}}],"line":66},"5":{"loc":{"start":{"line":131,"column":4},"end":{"line":133,"column":5}},"type":"if","locations":[{"start":{"line":131,"column":4},"end":{"line":133,"column":5}},{"start":{},"end":{}}],"line":131},"6":{"loc":{"start":{"line":136,"column":4},"end":{"line":138,"column":5}},"type":"if","locations":[{"start":{"line":136,"column":4},"end":{"line":138,"column":5}},{"start":{},"end":{}}],"line":136},"7":{"loc":{"start":{"line":136,"column":8},"end":{"line":136,"column":44}},"type":"binary-expr","locations":[{"start":{"line":136,"column":8},"end":{"line":136,"column":13}},{"start":{"line":136,"column":17},"end":{"line":136,"column":44}}],"line":136},"8":{"loc":{"start":{"line":140,"column":16},"end":{"line":140,"column":33}},"type":"binary-expr","locations":[{"start":{"line":140,"column":16},"end":{"line":140,"column":20}},{"start":{"line":140,"column":24},"end":{"line":140,"column":33}}],"line":140},"9":{"loc":{"start":{"line":141,"column":23},"end":{"line":141,"column":54}},"type":"binary-expr","locations":[{"start":{"line":141,"column":23},"end":{"line":141,"column":34}},{"start":{"line":141,"column":38},"end":{"line":141,"column":54}}],"line":141},"10":{"loc":{"start":{"line":142,"column":20},"end":{"line":142,"column":45}},"type":"binary-expr","locations":[{"start":{"line":142,"column":20},"end":{"line":142,"column":28}},{"start":{"line":142,"column":32},"end":{"line":142,"column":45}}],"line":142},"11":{"loc":{"start":{"line":143,"column":19},"end":{"line":143,"column":42}},"type":"binary-expr","locations":[{"start":{"line":143,"column":19},"end":{"line":143,"column":26}},{"start":{"line":143,"column":30},"end":{"line":143,"column":42}}],"line":143},"12":{"loc":{"start":{"line":144,"column":17},"end":{"line":144,"column":36}},"type":"binary-expr","locations":[{"start":{"line":144,"column":17},"end":{"line":144,"column":22}},{"start":{"line":144,"column":26},"end":{"line":144,"column":36}}],"line":144},"13":{"loc":{"start":{"line":145,"column":15},"end":{"line":145,"column":30}},"type":"binary-expr","locations":[{"start":{"line":145,"column":15},"end":{"line":145,"column":18}},{"start":{"line":145,"column":22},"end":{"line":145,"column":30}}],"line":145},"14":{"loc":{"start":{"line":146,"column":26},"end":{"line":146,"column":63}},"type":"binary-expr","locations":[{"start":{"line":146,"column":26},"end":{"line":146,"column":40}},{"start":{"line":146,"column":44},"end":{"line":146,"column":63}}],"line":146},"15":{"loc":{"start":{"line":147,"column":20},"end":{"line":147,"column":45}},"type":"binary-expr","locations":[{"start":{"line":147,"column":20},"end":{"line":147,"column":28}},{"start":{"line":147,"column":32},"end":{"line":147,"column":45}}],"line":147},"16":{"loc":{"start":{"line":148,"column":20},"end":{"line":148,"column":45}},"type":"binary-expr","locations":[{"start":{"line":148,"column":20},"end":{"line":148,"column":28}},{"start":{"line":148,"column":32},"end":{"line":148,"column":45}}],"line":148},"17":{"loc":{"start":{"line":149,"column":25},"end":{"line":149,"column":60}},"type":"binary-expr","locations":[{"start":{"line":149,"column":25},"end":{"line":149,"column":38}},{"start":{"line":149,"column":42},"end":{"line":149,"column":60}}],"line":149},"18":{"loc":{"start":{"line":150,"column":24},"end":{"line":150,"column":57}},"type":"binary-expr","locations":[{"start":{"line":150,"column":24},"end":{"line":150,"column":36}},{"start":{"line":150,"column":40},"end":{"line":150,"column":57}}],"line":150},"19":{"loc":{"start":{"line":151,"column":24},"end":{"line":151,"column":57}},"type":"binary-expr","locations":[{"start":{"line":151,"column":24},"end":{"line":151,"column":36}},{"start":{"line":151,"column":40},"end":{"line":151,"column":57}}],"line":151},"20":{"loc":{"start":{"line":152,"column":18},"end":{"line":152,"column":39}},"type":"binary-expr","locations":[{"start":{"line":152,"column":18},"end":{"line":152,"column":24}},{"start":{"line":152,"column":28},"end":{"line":152,"column":39}}],"line":152},"21":{"loc":{"start":{"line":153,"column":18},"end":{"line":153,"column":39}},"type":"binary-expr","locations":[{"start":{"line":153,"column":18},"end":{"line":153,"column":24}},{"start":{"line":153,"column":28},"end":{"line":153,"column":39}}],"line":153},"22":{"loc":{"start":{"line":154,"column":23},"end":{"line":154,"column":54}},"type":"binary-expr","locations":[{"start":{"line":154,"column":23},"end":{"line":154,"column":34}},{"start":{"line":154,"column":38},"end":{"line":154,"column":54}}],"line":154},"23":{"loc":{"start":{"line":155,"column":24},"end":{"line":155,"column":57}},"type":"binary-expr","locations":[{"start":{"line":155,"column":24},"end":{"line":155,"column":36}},{"start":{"line":155,"column":40},"end":{"line":155,"column":57}}],"line":155},"24":{"loc":{"start":{"line":156,"column":24},"end":{"line":156,"column":57}},"type":"binary-expr","locations":[{"start":{"line":156,"column":24},"end":{"line":156,"column":36}},{"start":{"line":156,"column":40},"end":{"line":156,"column":57}}],"line":156},"25":{"loc":{"start":{"line":157,"column":26},"end":{"line":157,"column":63}},"type":"binary-expr","locations":[{"start":{"line":157,"column":26},"end":{"line":157,"column":40}},{"start":{"line":157,"column":44},"end":{"line":157,"column":63}}],"line":157},"26":{"loc":{"start":{"line":158,"column":18},"end":{"line":158,"column":39}},"type":"binary-expr","locations":[{"start":{"line":158,"column":18},"end":{"line":158,"column":24}},{"start":{"line":158,"column":28},"end":{"line":158,"column":39}}],"line":158},"27":{"loc":{"start":{"line":159,"column":23},"end":{"line":159,"column":54}},"type":"binary-expr","locations":[{"start":{"line":159,"column":23},"end":{"line":159,"column":34}},{"start":{"line":159,"column":38},"end":{"line":159,"column":54}}],"line":159},"28":{"loc":{"start":{"line":160,"column":17},"end":{"line":160,"column":36}},"type":"binary-expr","locations":[{"start":{"line":160,"column":17},"end":{"line":160,"column":22}},{"start":{"line":160,"column":26},"end":{"line":160,"column":36}}],"line":160},"29":{"loc":{"start":{"line":161,"column":17},"end":{"line":161,"column":36}},"type":"binary-expr","locations":[{"start":{"line":161,"column":17},"end":{"line":161,"column":22}},{"start":{"line":161,"column":26},"end":{"line":161,"column":36}}],"line":161},"30":{"loc":{"start":{"line":174,"column":4},"end":{"line":176,"column":5}},"type":"if","locations":[{"start":{"line":174,"column":4},"end":{"line":176,"column":5}},{"start":{},"end":{}}],"line":174},"31":{"loc":{"start":{"line":179,"column":4},"end":{"line":181,"column":5}},"type":"if","locations":[{"start":{"line":179,"column":4},"end":{"line":181,"column":5}},{"start":{},"end":{}}],"line":179},"32":{"loc":{"start":{"line":179,"column":8},"end":{"line":179,"column":44}},"type":"binary-expr","locations":[{"start":{"line":179,"column":8},"end":{"line":179,"column":13}},{"start":{"line":179,"column":17},"end":{"line":179,"column":44}}],"line":179},"33":{"loc":{"start":{"line":216,"column":4},"end":{"line":218,"column":5}},"type":"if","locations":[{"start":{"line":216,"column":4},"end":{"line":218,"column":5}},{"start":{},"end":{}}],"line":216},"34":{"loc":{"start":{"line":216,"column":8},"end":{"line":216,"column":56}},"type":"binary-expr","locations":[{"start":{"line":216,"column":8},"end":{"line":216,"column":13}},{"start":{"line":216,"column":17},"end":{"line":216,"column":26}},{"start":{"line":216,"column":30},"end":{"line":216,"column":38}},{"start":{"line":216,"column":42},"end":{"line":216,"column":48}},{"start":{"line":216,"column":52},"end":{"line":216,"column":56}}],"line":216}},"s":{"0":1,"1":1,"2":0,"3":0,"4":1,"5":0,"6":0,"7":0,"8":0,"9":1,"10":0,"11":0,"12":0,"13":0,"14":0,"15":0,"16":0,"17":0,"18":0,"19":1,"20":0,"21":0,"22":0,"23":0,"24":0,"25":0,"26":0,"27":1,"28":0,"29":0,"30":0,"31":0,"32":0,"33":0,"34":0,"35":0,"36":0,"37":0,"38":0,"39":0,"40":0,"41":0,"42":0,"43":0,"44":0,"45":0,"46":0,"47":0,"48":0,"49":0,"50":0,"51":0,"52":0,"53":0,"54":0,"55":0,"56":0,"57":0,"58":0,"59":0,"60":0,"61":1,"62":0,"63":0,"64":0,"65":0,"66":0,"67":0,"68":0,"69":0,"70":0,"71":0,"72":1,"73":0,"74":0,"75":0,"76":0,"77":0,"78":0,"79":0,"80":1},"f":{"0":0,"1":0,"2":0,"3":0,"4":0,"5":0,"6":0},"b":{"0":[0,0],"1":[0,0],"2":[0,0],"3":[0,0],"4":[0,0,0,0,0],"5":[0,0],"6":[0,0],"7":[0,0],"8":[0,0],"9":[0,0],"10":[0,0],"11":[0,0],"12":[0,0],"13":[0,0],"14":[0,0],"15":[0,0],"16":[0,0],"17":[0,0],"18":[0,0],"19":[0,0],"20":[0,0],"21":[0,0],"22":[0,0],"23":[0,0],"24":[0,0],"25":[0,0],"26":[0,0],"27":[0,0],"28":[0,0],"29":[0,0],"30":[0,0],"31":[0,0],"32":[0,0],"33":[0,0],"34":[0,0,0,0,0]},"_coverageSchema":"1a1c01bbd47fc00a2c39e90264f33305004495a9","hash":"915a99de9ef94ee2444d4face866986e41505236"}
,"/Users/georgemitchell/Library/Mobile Documents/com~apple~CloudDocs/Nour2.0/Nour2.0/backend/controllers/mealUploadController.js": {"path":"/Users/georgemitchell/Library/Mobile Documents/com~apple~CloudDocs/Nour2.0/Nour2.0/backend/controllers/mealUploadController.js","statementMap":{"0":{"start":{"line":1,"column":15},"end":{"line":1,"column":32}},"1":{"start":{"line":2,"column":11},"end":{"line":2,"column":24}},"2":{"start":{"line":3,"column":14},"end":{"line":3,"column":30}},"3":{"start":{"line":4,"column":13},"end":{"line":4,"column":28}},"4":{"start":{"line":5,"column":29},"end":{"line":5,"column":56}},"5":{"start":{"line":6,"column":65},"end":{"line":6,"column":100}},"6":{"start":{"line":7,"column":23},"end":{"line":7,"column":60}},"7":{"start":{"line":8,"column":18},"end":{"line":8,"column":49}},"8":{"start":{"line":11,"column":2},"end":{"line":11,"column":32}},"9":{"start":{"line":12,"column":2},"end":{"line":12,"column":67}},"10":{"start":{"line":15,"column":19},"end":{"line":15,"column":72}},"11":{"start":{"line":16,"column":0},"end":{"line":18,"column":1}},"12":{"start":{"line":17,"column":2},"end":{"line":17,"column":48}},"13":{"start":{"line":20,"column":16},"end":{"line":23,"column":2}},"14":{"start":{"line":21,"column":36},"end":{"line":21,"column":57}},"15":{"start":{"line":22,"column":33},"end":{"line":22,"column":80}},"16":{"start":{"line":24,"column":15},"end":{"line":24,"column":63}},"17":{"start":{"line":27,"column":2},"end":{"line":27,"column":60}},"18":{"start":{"line":31,"column":2},"end":{"line":53,"column":3}},"19":{"start":{"line":32,"column":4},"end":{"line":52,"column":6}},"20":{"start":{"line":54,"column":2},"end":{"line":197,"column":3}},"21":{"start":{"line":55,"column":24},"end":{"line":55,"column":74}},"22":{"start":{"line":57,"column":21},"end":{"line":185,"column":6}},"23":{"start":{"line":187,"column":4},"end":{"line":187,"column":73}},"24":{"start":{"line":189,"column":4},"end":{"line":193,"column":5}},"25":{"start":{"line":190,"column":6},"end":{"line":190,"column":54}},"26":{"start":{"line":192,"column":6},"end":{"line":192,"column":73}},"27":{"start":{"line":195,"column":4},"end":{"line":195,"column":59}},"28":{"start":{"line":196,"column":4},"end":{"line":196,"column":16}},"29":{"start":{"line":201,"column":20},"end":{"line":201,"column":66}},"30":{"start":{"line":202,"column":2},"end":{"line":204,"column":3}},"31":{"start":{"line":203,"column":4},"end":{"line":203,"column":36}},"32":{"start":{"line":205,"column":2},"end":{"line":205,"column":57}},"33":{"start":{"line":209,"column":2},"end":{"line":281,"column":5}},"34":{"start":{"line":210,"column":4},"end":{"line":212,"column":5}},"35":{"start":{"line":211,"column":6},"end":{"line":211,"column":59}},"36":{"start":{"line":214,"column":26},"end":{"line":214,"column":34}},"37":{"start":{"line":215,"column":19},"end":{"line":215,"column":48}},"38":{"start":{"line":217,"column":4},"end":{"line":219,"column":5}},"39":{"start":{"line":218,"column":6},"end":{"line":218,"column":82}},"40":{"start":{"line":221,"column":4},"end":{"line":280,"column":5}},"41":{"start":{"line":222,"column":6},"end":{"line":222,"column":71}},"42":{"start":{"line":223,"column":43},"end":{"line":223,"column":85}},"43":{"start":{"line":225,"column":6},"end":{"line":225,"column":84}},"44":{"start":{"line":228,"column":6},"end":{"line":235,"column":7}},"45":{"start":{"line":229,"column":8},"end":{"line":229,"column":87}},"46":{"start":{"line":230,"column":8},"end":{"line":230,"column":93}},"47":{"start":{"line":231,"column":8},"end":{"line":231,"column":91}},"48":{"start":{"line":232,"column":8},"end":{"line":232,"column":92}},"49":{"start":{"line":234,"column":8},"end":{"line":234,"column":79}},"50":{"start":{"line":237,"column":6},"end":{"line":237,"column":100}},"51":{"start":{"line":239,"column":6},"end":{"line":241,"column":7}},"52":{"start":{"line":240,"column":8},"end":{"line":240,"column":119}},"53":{"start":{"line":243,"column":35},"end":{"line":243,"column":105}},"54":{"start":{"line":244,"column":32},"end":{"line":244,"column":99}},"55":{"start":{"line":245,"column":32},"end":{"line":245,"column":99}},"56":{"start":{"line":246,"column":35},"end":{"line":246,"column":105}},"57":{"start":{"line":247,"column":36},"end":{"line":247,"column":107}},"58":{"start":{"line":249,"column":6},"end":{"line":249,"column":75}},"59":{"start":{"line":250,"column":6},"end":{"line":250,"column":69}},"60":{"start":{"line":251,"column":6},"end":{"line":251,"column":69}},"61":{"start":{"line":252,"column":6},"end":{"line":252,"column":75}},"62":{"start":{"line":253,"column":6},"end":{"line":253,"column":77}},"63":{"start":{"line":255,"column":17},"end":{"line":255,"column":41}},"64":{"start":{"line":256,"column":34},"end":{"line":256,"column":71}},"65":{"start":{"line":257,"column":26},"end":{"line":257,"column":64}},"66":{"start":{"line":259,"column":21},"end":{"line":259,"column":93}},"67":{"start":{"line":261,"column":6},"end":{"line":264,"column":7}},"68":{"start":{"line":262,"column":8},"end":{"line":262,"column":68}},"69":{"start":{"line":263,"column":8},"end":{"line":263,"column":54}},"70":{"start":{"line":266,"column":6},"end":{"line":269,"column":8}},"71":{"start":{"line":271,"column":6},"end":{"line":271,"column":113}},"72":{"start":{"line":273,"column":6},"end":{"line":273,"column":68}},"73":{"start":{"line":275,"column":6},"end":{"line":279,"column":7}},"74":{"start":{"line":276,"column":8},"end":{"line":278,"column":11}},"75":{"start":{"line":277,"column":10},"end":{"line":277,"column":62}},"76":{"start":{"line":277,"column":19},"end":{"line":277,"column":62}},"77":{"start":{"line":284,"column":0},"end":{"line":284,"column":38}}},"fnMap":{"0":{"name":"handleError","decl":{"start":{"line":10,"column":9},"end":{"line":10,"column":20}},"loc":{"start":{"line":10,"column":64},"end":{"line":13,"column":1}},"line":10},"1":{"name":"(anonymous_1)","decl":{"start":{"line":21,"column":15},"end":{"line":21,"column":16}},"loc":{"start":{"line":21,"column":34},"end":{"line":21,"column":59}},"line":21},"2":{"name":"(anonymous_2)","decl":{"start":{"line":22,"column":12},"end":{"line":22,"column":13}},"loc":{"start":{"line":22,"column":31},"end":{"line":22,"column":82}},"line":22},"3":{"name":"encodeImageToBase64","decl":{"start":{"line":26,"column":9},"end":{"line":26,"column":28}},"loc":{"start":{"line":26,"column":40},"end":{"line":28,"column":1}},"line":26},"4":{"name":"analyzeMealImage","decl":{"start":{"line":30,"column":15},"end":{"line":30,"column":31}},"loc":{"start":{"line":30,"column":43},"end":{"line":198,"column":1}},"line":30},"5":{"name":"parseJSONFromResponse","decl":{"start":{"line":200,"column":9},"end":{"line":200,"column":30}},"loc":{"start":{"line":200,"column":45},"end":{"line":206,"column":1}},"line":200},"6":{"name":"handleMealUpload","decl":{"start":{"line":208,"column":15},"end":{"line":208,"column":31}},"loc":{"start":{"line":208,"column":48},"end":{"line":282,"column":1}},"line":208},"7":{"name":"(anonymous_7)","decl":{"start":{"line":209,"column":19},"end":{"line":209,"column":20}},"loc":{"start":{"line":209,"column":34},"end":{"line":281,"column":3}},"line":209},"8":{"name":"(anonymous_8)","decl":{"start":{"line":276,"column":38},"end":{"line":276,"column":39}},"loc":{"start":{"line":276,"column":47},"end":{"line":278,"column":9}},"line":276}},"branchMap":{"0":{"loc":{"start":{"line":10,"column":33},"end":{"line":10,"column":62}},"type":"default-arg","locations":[{"start":{"line":10,"column":43},"end":{"line":10,"column":62}}],"line":10},"1":{"loc":{"start":{"line":16,"column":0},"end":{"line":18,"column":1}},"type":"if","locations":[{"start":{"line":16,"column":0},"end":{"line":18,"column":1}},{"start":{},"end":{}}],"line":16},"2":{"loc":{"start":{"line":31,"column":2},"end":{"line":53,"column":3}},"type":"if","locations":[{"start":{"line":31,"column":2},"end":{"line":53,"column":3}},{"start":{},"end":{}}],"line":31},"3":{"loc":{"start":{"line":189,"column":4},"end":{"line":193,"column":5}},"type":"if","locations":[{"start":{"line":189,"column":4},"end":{"line":193,"column":5}},{"start":{"line":191,"column":11},"end":{"line":193,"column":5}}],"line":189},"4":{"loc":{"start":{"line":189,"column":8},"end":{"line":189,"column":74}},"type":"binary-expr","locations":[{"start":{"line":189,"column":8},"end":{"line":189,"column":21}},{"start":{"line":189,"column":25},"end":{"line":189,"column":46}},{"start":{"line":189,"column":50},"end":{"line":189,"column":74}}],"line":189},"5":{"loc":{"start":{"line":202,"column":2},"end":{"line":204,"column":3}},"type":"if","locations":[{"start":{"line":202,"column":2},"end":{"line":204,"column":3}},{"start":{},"end":{}}],"line":202},"6":{"loc":{"start":{"line":210,"column":4},"end":{"line":212,"column":5}},"type":"if","locations":[{"start":{"line":210,"column":4},"end":{"line":212,"column":5}},{"start":{},"end":{}}],"line":210},"7":{"loc":{"start":{"line":215,"column":19},"end":{"line":215,"column":48}},"type":"cond-expr","locations":[{"start":{"line":215,"column":30},"end":{"line":215,"column":41}},{"start":{"line":215,"column":44},"end":{"line":215,"column":48}}],"line":215},"8":{"loc":{"start":{"line":217,"column":4},"end":{"line":219,"column":5}},"type":"if","locations":[{"start":{"line":217,"column":4},"end":{"line":219,"column":5}},{"start":{},"end":{}}],"line":217},"9":{"loc":{"start":{"line":239,"column":6},"end":{"line":241,"column":7}},"type":"if","locations":[{"start":{"line":239,"column":6},"end":{"line":241,"column":7}},{"start":{},"end":{}}],"line":239},"10":{"loc":{"start":{"line":261,"column":6},"end":{"line":264,"column":7}},"type":"if","locations":[{"start":{"line":261,"column":6},"end":{"line":264,"column":7}},{"start":{},"end":{}}],"line":261},"11":{"loc":{"start":{"line":275,"column":6},"end":{"line":279,"column":7}},"type":"if","locations":[{"start":{"line":275,"column":6},"end":{"line":279,"column":7}},{"start":{},"end":{}}],"line":275},"12":{"loc":{"start":{"line":275,"column":10},"end":{"line":275,"column":45}},"type":"binary-expr","locations":[{"start":{"line":275,"column":10},"end":{"line":275,"column":23}},{"start":{"line":275,"column":27},"end":{"line":275,"column":45}}],"line":275},"13":{"loc":{"start":{"line":277,"column":10},"end":{"line":277,"column":62}},"type":"if","locations":[{"start":{"line":277,"column":10},"end":{"line":277,"column":62}},{"start":{},"end":{}}],"line":277}},"s":{"0":1,"1":1,"2":1,"3":1,"4":1,"5":1,"6":1,"7":1,"8":0,"9":0,"10":1,"11":1,"12":0,"13":1,"14":0,"15":0,"16":1,"17":0,"18":0,"19":0,"20":0,"21":0,"22":0,"23":0,"24":0,"25":0,"26":0,"27":0,"28":0,"29":0,"30":0,"31":0,"32":0,"33":0,"34":0,"35":0,"36":0,"37":0,"38":0,"39":0,"40":0,"41":0,"42":0,"43":0,"44":0,"45":0,"46":0,"47":0,"48":0,"49":0,"50":0,"51":0,"52":0,"53":0,"54":0,"55":0,"56":0,"57":0,"58":0,"59":0,"60":0,"61":0,"62":0,"63":0,"64":0,"65":0,"66":0,"67":0,"68":0,"69":0,"70":0,"71":0,"72":0,"73":0,"74":0,"75":0,"76":0,"77":1},"f":{"0":0,"1":0,"2":0,"3":0,"4":0,"5":0,"6":0,"7":0,"8":0},"b":{"0":[0],"1":[0,1],"2":[0,0],"3":[0,0],"4":[0,0,0],"5":[0,0],"6":[0,0],"7":[0,0],"8":[0,0],"9":[0,0],"10":[0,0],"11":[0,0],"12":[0,0],"13":[0,0]},"_coverageSchema":"1a1c01bbd47fc00a2c39e90264f33305004495a9","hash":"fbaa77a3683eeda7b5cb2a907c885e98b496c412"}
,"/Users/georgemitchell/Library/Mobile Documents/com~apple~CloudDocs/Nour2.0/Nour2.0/backend/controllers/profileController.js": {"path":"/Users/georgemitchell/Library/Mobile Documents/com~apple~CloudDocs/Nour2.0/Nour2.0/backend/controllers/profileController.js","statementMap":{"0":{"start":{"line":1,"column":13},"end":{"line":1,"column":38}},"1":{"start":{"line":3,"column":0},"end":{"line":20,"column":4}},"2":{"start":{"line":4,"column":4},"end":{"line":19,"column":5}},"3":{"start":{"line":6,"column":19},"end":{"line":6,"column":51}},"4":{"start":{"line":7,"column":6},"end":{"line":10,"column":7}},"5":{"start":{"line":9,"column":8},"end":{"line":9,"column":67}},"6":{"start":{"line":11,"column":6},"end":{"line":15,"column":9}},"7":{"start":{"line":17,"column":6},"end":{"line":17,"column":51}},"8":{"start":{"line":18,"column":6},"end":{"line":18,"column":55}},"9":{"start":{"line":23,"column":0},"end":{"line":37,"column":2}},"10":{"start":{"line":25,"column":2},"end":{"line":36,"column":3}},"11":{"start":{"line":26,"column":17},"end":{"line":26,"column":49}},"12":{"start":{"line":27,"column":4},"end":{"line":30,"column":5}},"13":{"start":{"line":29,"column":6},"end":{"line":29,"column":65}},"14":{"start":{"line":31,"column":4},"end":{"line":31,"column":32}},"15":{"start":{"line":32,"column":4},"end":{"line":32,"column":19}},"16":{"start":{"line":34,"column":4},"end":{"line":34,"column":52}},"17":{"start":{"line":35,"column":4},"end":{"line":35,"column":53}},"18":{"start":{"line":39,"column":0},"end":{"line":53,"column":2}},"19":{"start":{"line":41,"column":2},"end":{"line":52,"column":3}},"20":{"start":{"line":42,"column":17},"end":{"line":42,"column":49}},"21":{"start":{"line":43,"column":4},"end":{"line":46,"column":5}},"22":{"start":{"line":45,"column":6},"end":{"line":45,"column":65}},"23":{"start":{"line":47,"column":4},"end":{"line":47,"column":25}},"24":{"start":{"line":48,"column":4},"end":{"line":48,"column":58}},"25":{"start":{"line":50,"column":4},"end":{"line":50,"column":52}},"26":{"start":{"line":51,"column":4},"end":{"line":51,"column":53}}},"fnMap":{"0":{"name":"(anonymous_0)","decl":{"start":{"line":3,"column":21},"end":{"line":3,"column":22}},"loc":{"start":{"line":3,"column":47},"end":{"line":20,"column":3}},"line":3},"1":{"name":"(anonymous_1)","decl":{"start":{"line":23,"column":24},"end":{"line":23,"column":25}},"loc":{"start":{"line":23,"column":44},"end":{"line":37,"column":1}},"line":23},"2":{"name":"(anonymous_2)","decl":{"start":{"line":39,"column":24},"end":{"line":39,"column":25}},"loc":{"start":{"line":39,"column":44},"end":{"line":53,"column":1}},"line":39}},"branchMap":{"0":{"loc":{"start":{"line":7,"column":6},"end":{"line":10,"column":7}},"type":"if","locations":[{"start":{"line":7,"column":6},"end":{"line":10,"column":7}},{"start":{},"end":{}}],"line":7},"1":{"loc":{"start":{"line":27,"column":4},"end":{"line":30,"column":5}},"type":"if","locations":[{"start":{"line":27,"column":4},"end":{"line":30,"column":5}},{"start":{},"end":{}}],"line":27},"2":{"loc":{"start":{"line":43,"column":4},"end":{"line":46,"column":5}},"type":"if","locations":[{"start":{"line":43,"column":4},"end":{"line":46,"column":5}},{"start":{},"end":{}}],"line":43}},"s":{"0":1,"1":1,"2":0,"3":0,"4":0,"5":0,"6":0,"7":0,"8":0,"9":1,"10":0,"11":0,"12":0,"13":0,"14":0,"15":0,"16":0,"17":0,"18":1,"19":0,"20":0,"21":0,"22":0,"23":0,"24":0,"25":0,"26":0},"f":{"0":0,"1":0,"2":0},"b":{"0":[0,0],"1":[0,0],"2":[0,0]},"_coverageSchema":"1a1c01bbd47fc00a2c39e90264f33305004495a9","hash":"232c2e590b82c3538e27d12a6bcfd715b14805fc"}
,"/Users/georgemitchell/Library/Mobile Documents/com~apple~CloudDocs/Nour2.0/Nour2.0/backend/controllers/userController.js": {"path":"/Users/georgemitchell/Library/Mobile Documents/com~apple~CloudDocs/Nour2.0/Nour2.0/backend/controllers/userController.js","statementMap":{"0":{"start":{"line":3,"column":13},"end":{"line":3,"column":38}},"1":{"start":{"line":5,"column":19},"end":{"line":15,"column":1}},"2":{"start":{"line":6,"column":2},"end":{"line":6,"column":58}},"3":{"start":{"line":7,"column":2},"end":{"line":14,"column":3}},"4":{"start":{"line":8,"column":17},"end":{"line":8,"column":44}},"5":{"start":{"line":9,"column":4},"end":{"line":9,"column":31}},"6":{"start":{"line":10,"column":4},"end":{"line":10,"column":39}},"7":{"start":{"line":12,"column":4},"end":{"line":12,"column":49}},"8":{"start":{"line":13,"column":4},"end":{"line":13,"column":70}},"9":{"start":{"line":17,"column":20},"end":{"line":31,"column":1}},"10":{"start":{"line":18,"column":2},"end":{"line":18,"column":52}},"11":{"start":{"line":19,"column":2},"end":{"line":30,"column":3}},"12":{"start":{"line":20,"column":17},"end":{"line":20,"column":51}},"13":{"start":{"line":21,"column":4},"end":{"line":24,"column":5}},"14":{"start":{"line":22,"column":6},"end":{"line":22,"column":36}},"15":{"start":{"line":23,"column":6},"end":{"line":23,"column":65}},"16":{"start":{"line":25,"column":4},"end":{"line":25,"column":31}},"17":{"start":{"line":26,"column":4},"end":{"line":26,"column":41}},"18":{"start":{"line":28,"column":4},"end":{"line":28,"column":48}},"19":{"start":{"line":29,"column":4},"end":{"line":29,"column":70}},"20":{"start":{"line":33,"column":20},"end":{"line":43,"column":1}},"21":{"start":{"line":34,"column":2},"end":{"line":34,"column":35}},"22":{"start":{"line":35,"column":2},"end":{"line":42,"column":3}},"23":{"start":{"line":36,"column":18},"end":{"line":36,"column":38}},"24":{"start":{"line":37,"column":4},"end":{"line":37,"column":32}},"25":{"start":{"line":38,"column":4},"end":{"line":38,"column":43}},"26":{"start":{"line":40,"column":4},"end":{"line":40,"column":49}},"27":{"start":{"line":41,"column":4},"end":{"line":41,"column":70}},"28":{"start":{"line":45,"column":19},"end":{"line":61,"column":1}},"29":{"start":{"line":46,"column":2},"end":{"line":46,"column":53}},"30":{"start":{"line":47,"column":2},"end":{"line":47,"column":40}},"31":{"start":{"line":48,"column":2},"end":{"line":60,"column":3}},"32":{"start":{"line":49,"column":17},"end":{"line":49,"column":51}},"33":{"start":{"line":50,"column":4},"end":{"line":53,"column":5}},"34":{"start":{"line":51,"column":6},"end":{"line":51,"column":36}},"35":{"start":{"line":52,"column":6},"end":{"line":52,"column":65}},"36":{"start":{"line":54,"column":4},"end":{"line":54,"column":32}},"37":{"start":{"line":55,"column":4},"end":{"line":55,"column":31}},"38":{"start":{"line":56,"column":4},"end":{"line":56,"column":39}},"39":{"start":{"line":58,"column":4},"end":{"line":58,"column":49}},"40":{"start":{"line":59,"column":4},"end":{"line":59,"column":70}},"41":{"start":{"line":63,"column":19},"end":{"line":78,"column":1}},"42":{"start":{"line":64,"column":2},"end":{"line":64,"column":53}},"43":{"start":{"line":65,"column":2},"end":{"line":77,"column":3}},"44":{"start":{"line":66,"column":17},"end":{"line":66,"column":51}},"45":{"start":{"line":67,"column":4},"end":{"line":70,"column":5}},"46":{"start":{"line":68,"column":6},"end":{"line":68,"column":36}},"47":{"start":{"line":69,"column":6},"end":{"line":69,"column":65}},"48":{"start":{"line":71,"column":4},"end":{"line":71,"column":25}},"49":{"start":{"line":72,"column":4},"end":{"line":72,"column":54}},"50":{"start":{"line":73,"column":4},"end":{"line":73,"column":32}},"51":{"start":{"line":75,"column":4},"end":{"line":75,"column":49}},"52":{"start":{"line":76,"column":4},"end":{"line":76,"column":70}},"53":{"start":{"line":80,"column":23},"end":{"line":94,"column":1}},"54":{"start":{"line":81,"column":2},"end":{"line":81,"column":64}},"55":{"start":{"line":82,"column":2},"end":{"line":93,"column":3}},"56":{"start":{"line":83,"column":17},"end":{"line":83,"column":73}},"57":{"start":{"line":84,"column":4},"end":{"line":87,"column":5}},"58":{"start":{"line":85,"column":6},"end":{"line":85,"column":36}},"59":{"start":{"line":86,"column":6},"end":{"line":86,"column":65}},"60":{"start":{"line":88,"column":4},"end":{"line":88,"column":35}},"61":{"start":{"line":89,"column":4},"end":{"line":89,"column":45}},"62":{"start":{"line":91,"column":4},"end":{"line":91,"column":55}},"63":{"start":{"line":92,"column":4},"end":{"line":92,"column":70}},"64":{"start":{"line":96,"column":0},"end":{"line":103,"column":2}}},"fnMap":{"0":{"name":"(anonymous_0)","decl":{"start":{"line":5,"column":19},"end":{"line":5,"column":20}},"loc":{"start":{"line":5,"column":39},"end":{"line":15,"column":1}},"line":5},"1":{"name":"(anonymous_1)","decl":{"start":{"line":17,"column":20},"end":{"line":17,"column":21}},"loc":{"start":{"line":17,"column":40},"end":{"line":31,"column":1}},"line":17},"2":{"name":"(anonymous_2)","decl":{"start":{"line":33,"column":20},"end":{"line":33,"column":21}},"loc":{"start":{"line":33,"column":40},"end":{"line":43,"column":1}},"line":33},"3":{"name":"(anonymous_3)","decl":{"start":{"line":45,"column":19},"end":{"line":45,"column":20}},"loc":{"start":{"line":45,"column":39},"end":{"line":61,"column":1}},"line":45},"4":{"name":"(anonymous_4)","decl":{"start":{"line":63,"column":19},"end":{"line":63,"column":20}},"loc":{"start":{"line":63,"column":39},"end":{"line":78,"column":1}},"line":63},"5":{"name":"(anonymous_5)","decl":{"start":{"line":80,"column":23},"end":{"line":80,"column":24}},"loc":{"start":{"line":80,"column":43},"end":{"line":94,"column":1}},"line":80}},"branchMap":{"0":{"loc":{"start":{"line":21,"column":4},"end":{"line":24,"column":5}},"type":"if","locations":[{"start":{"line":21,"column":4},"end":{"line":24,"column":5}},{"start":{},"end":{}}],"line":21},"1":{"loc":{"start":{"line":50,"column":4},"end":{"line":53,"column":5}},"type":"if","locations":[{"start":{"line":50,"column":4},"end":{"line":53,"column":5}},{"start":{},"end":{}}],"line":50},"2":{"loc":{"start":{"line":67,"column":4},"end":{"line":70,"column":5}},"type":"if","locations":[{"start":{"line":67,"column":4},"end":{"line":70,"column":5}},{"start":{},"end":{}}],"line":67},"3":{"loc":{"start":{"line":84,"column":4},"end":{"line":87,"column":5}},"type":"if","locations":[{"start":{"line":84,"column":4},"end":{"line":87,"column":5}},{"start":{},"end":{}}],"line":84}},"s":{"0":1,"1":1,"2":0,"3":0,"4":0,"5":0,"6":0,"7":0,"8":0,"9":1,"10":0,"11":0,"12":0,"13":0,"14":0,"15":0,"16":0,"17":0,"18":0,"19":0,"20":1,"21":0,"22":0,"23":0,"24":0,"25":0,"26":0,"27":0,"28":1,"29":0,"30":0,"31":0,"32":0,"33":0,"34":0,"35":0,"36":0,"37":0,"38":0,"39":0,"40":0,"41":1,"42":0,"43":0,"44":0,"45":0,"46":0,"47":0,"48":0,"49":0,"50":0,"51":0,"52":0,"53":1,"54":0,"55":0,"56":0,"57":0,"58":0,"59":0,"60":0,"61":0,"62":0,"63":0,"64":1},"f":{"0":0,"1":0,"2":0,"3":0,"4":0,"5":0},"b":{"0":[0,0],"1":[0,0],"2":[0,0],"3":[0,0]},"_coverageSchema":"1a1c01bbd47fc00a2c39e90264f33305004495a9","hash":"f398a5980a267f5c5e060aca5a3c7a171dbed409"}
,"/Users/georgemitchell/Library/Mobile Documents/com~apple~CloudDocs/Nour2.0/Nour2.0/backend/controllers/whoopController.js": {"path":"/Users/georgemitchell/Library/Mobile Documents/com~apple~CloudDocs/Nour2.0/Nour2.0/backend/controllers/whoopController.js","statementMap":{"0":{"start":{"line":1,"column":14},"end":{"line":1,"column":30}},"1":{"start":{"line":2,"column":20},"end":{"line":2,"column":42}},"2":{"start":{"line":3,"column":12},"end":{"line":3,"column":35}},"3":{"start":{"line":11,"column":4},"end":{"line":11,"column":39}},"4":{"start":{"line":12,"column":18},"end":{"line":12,"column":48}},"5":{"start":{"line":13,"column":13},"end":{"line":13,"column":38}},"6":{"start":{"line":15,"column":20},"end":{"line":15,"column":21}},"7":{"start":{"line":17,"column":16},"end":{"line":19,"column":1}},"8":{"start":{"line":18,"column":2},"end":{"line":18,"column":68}},"9":{"start":{"line":21,"column":18},"end":{"line":35,"column":1}},"10":{"start":{"line":22,"column":2},"end":{"line":34,"column":3}},"11":{"start":{"line":23,"column":4},"end":{"line":23,"column":52}},"12":{"start":{"line":24,"column":21},"end":{"line":27,"column":6}},"13":{"start":{"line":28,"column":42},"end":{"line":28,"column":55}},"14":{"start":{"line":29,"column":4},"end":{"line":29,"column":70}},"15":{"start":{"line":30,"column":4},"end":{"line":30,"column":41}},"16":{"start":{"line":32,"column":4},"end":{"line":32,"column":98}},"17":{"start":{"line":33,"column":4},"end":{"line":33,"column":45}},"18":{"start":{"line":37,"column":22},"end":{"line":124,"column":1}},"19":{"start":{"line":38,"column":2},"end":{"line":123,"column":3}},"20":{"start":{"line":39,"column":17},"end":{"line":39,"column":25}},"21":{"start":{"line":40,"column":4},"end":{"line":40,"column":59}},"22":{"start":{"line":41,"column":22},"end":{"line":41,"column":43}},"23":{"start":{"line":43,"column":4},"end":{"line":52,"column":5}},"24":{"start":{"line":44,"column":6},"end":{"line":44,"column":66}},"25":{"start":{"line":45,"column":21},"end":{"line":45,"column":62}},"26":{"start":{"line":46,"column":6},"end":{"line":46,"column":39}},"27":{"start":{"line":47,"column":6},"end":{"line":50,"column":9}},"28":{"start":{"line":51,"column":6},"end":{"line":51,"column":59}},"29":{"start":{"line":54,"column":29},"end":{"line":117,"column":5}},"30":{"start":{"line":55,"column":6},"end":{"line":116,"column":7}},"31":{"start":{"line":56,"column":8},"end":{"line":56,"column":57}},"32":{"start":{"line":57,"column":24},"end":{"line":57,"column":64}},"33":{"start":{"line":58,"column":8},"end":{"line":58,"column":70}},"34":{"start":{"line":60,"column":8},"end":{"line":60,"column":56}},"35":{"start":{"line":61,"column":23},"end":{"line":61,"column":62}},"36":{"start":{"line":62,"column":8},"end":{"line":62,"column":68}},"37":{"start":{"line":64,"column":8},"end":{"line":64,"column":60}},"38":{"start":{"line":65,"column":27},"end":{"line":65,"column":70}},"39":{"start":{"line":66,"column":8},"end":{"line":66,"column":76}},"40":{"start":{"line":68,"column":8},"end":{"line":68,"column":60}},"41":{"start":{"line":69,"column":26},"end":{"line":69,"column":68}},"42":{"start":{"line":70,"column":8},"end":{"line":70,"column":70}},"43":{"start":{"line":72,"column":8},"end":{"line":72,"column":58}},"44":{"start":{"line":73,"column":25},"end":{"line":73,"column":66}},"45":{"start":{"line":74,"column":8},"end":{"line":74,"column":72}},"46":{"start":{"line":76,"column":8},"end":{"line":76,"column":68}},"47":{"start":{"line":77,"column":26},"end":{"line":77,"column":70}},"48":{"start":{"line":79,"column":8},"end":{"line":102,"column":9}},"49":{"start":{"line":80,"column":10},"end":{"line":80,"column":71}},"50":{"start":{"line":81,"column":10},"end":{"line":81,"column":38}},"51":{"start":{"line":82,"column":10},"end":{"line":82,"column":95}},"52":{"start":{"line":83,"column":10},"end":{"line":83,"column":107}},"53":{"start":{"line":84,"column":10},"end":{"line":84,"column":104}},"54":{"start":{"line":85,"column":10},"end":{"line":85,"column":101}},"55":{"start":{"line":86,"column":10},"end":{"line":86,"column":43}},"56":{"start":{"line":87,"column":10},"end":{"line":87,"column":33}},"57":{"start":{"line":88,"column":10},"end":{"line":88,"column":61}},"58":{"start":{"line":90,"column":10},"end":{"line":90,"column":73}},"59":{"start":{"line":91,"column":10},"end":{"line":100,"column":13}},"60":{"start":{"line":101,"column":10},"end":{"line":101,"column":68}},"61":{"start":{"line":104,"column":8},"end":{"line":104,"column":76}},"62":{"start":{"line":106,"column":8},"end":{"line":114,"column":9}},"63":{"start":{"line":107,"column":10},"end":{"line":107,"column":63}},"64":{"start":{"line":108,"column":10},"end":{"line":108,"column":57}},"65":{"start":{"line":109,"column":10},"end":{"line":109,"column":35}},"66":{"start":{"line":110,"column":15},"end":{"line":114,"column":9}},"67":{"start":{"line":111,"column":10},"end":{"line":111,"column":123}},"68":{"start":{"line":113,"column":10},"end":{"line":113,"column":117}},"69":{"start":{"line":115,"column":8},"end":{"line":115,"column":20}},"70":{"start":{"line":119,"column":4},"end":{"line":119,"column":29}},"71":{"start":{"line":121,"column":4},"end":{"line":121,"column":116}},"72":{"start":{"line":122,"column":4},"end":{"line":122,"column":89}},"73":{"start":{"line":126,"column":19},"end":{"line":129,"column":1}},"74":{"start":{"line":127,"column":2},"end":{"line":127,"column":46}},"75":{"start":{"line":128,"column":2},"end":{"line":128,"column":79}},"76":{"start":{"line":128,"column":30},"end":{"line":128,"column":77}},"77":{"start":{"line":131,"column":25},"end":{"line":143,"column":1}},"78":{"start":{"line":132,"column":2},"end":{"line":132,"column":55}},"79":{"start":{"line":133,"column":22},"end":{"line":133,"column":31}},"80":{"start":{"line":134,"column":2},"end":{"line":142,"column":5}},"81":{"start":{"line":135,"column":17},"end":{"line":135,"column":70}},"82":{"start":{"line":136,"column":4},"end":{"line":141,"column":5}},"83":{"start":{"line":137,"column":6},"end":{"line":137,"column":19}},"84":{"start":{"line":139,"column":6},"end":{"line":139,"column":28}},"85":{"start":{"line":140,"column":6},"end":{"line":140,"column":18}},"86":{"start":{"line":145,"column":23},"end":{"line":152,"column":1}},"87":{"start":{"line":146,"column":2},"end":{"line":146,"column":44}},"88":{"start":{"line":147,"column":22},"end":{"line":147,"column":39}},"89":{"start":{"line":148,"column":2},"end":{"line":150,"column":3}},"90":{"start":{"line":149,"column":4},"end":{"line":149,"column":45}},"91":{"start":{"line":151,"column":2},"end":{"line":151,"column":21}},"92":{"start":{"line":154,"column":23},"end":{"line":206,"column":1}},"93":{"start":{"line":155,"column":15},"end":{"line":155,"column":29}},"94":{"start":{"line":156,"column":16},"end":{"line":156,"column":31}},"95":{"start":{"line":158,"column":2},"end":{"line":158,"column":65}},"96":{"start":{"line":160,"column":19},"end":{"line":160,"column":66}},"97":{"start":{"line":161,"column":22},"end":{"line":161,"column":52}},"98":{"start":{"line":163,"column":15},"end":{"line":169,"column":3}},"99":{"start":{"line":171,"column":2},"end":{"line":171,"column":54}},"100":{"start":{"line":173,"column":2},"end":{"line":205,"column":3}},"101":{"start":{"line":174,"column":21},"end":{"line":178,"column":6}},"102":{"start":{"line":180,"column":4},"end":{"line":180,"column":81}},"103":{"start":{"line":182,"column":56},"end":{"line":182,"column":69}},"104":{"start":{"line":184,"column":4},"end":{"line":184,"column":55}},"105":{"start":{"line":185,"column":17},"end":{"line":185,"column":68}},"106":{"start":{"line":187,"column":4},"end":{"line":201,"column":5}},"107":{"start":{"line":188,"column":6},"end":{"line":188,"column":38}},"108":{"start":{"line":190,"column":6},"end":{"line":190,"column":43}},"109":{"start":{"line":191,"column":6},"end":{"line":191,"column":45}},"110":{"start":{"line":192,"column":6},"end":{"line":192,"column":72}},"111":{"start":{"line":193,"column":6},"end":{"line":193,"column":24}},"112":{"start":{"line":195,"column":20},"end":{"line":195,"column":90}},"113":{"start":{"line":19
[...]
,"/Users/georgemitchell/Library/Mobile Documents/com~apple~CloudDocs/Nour2.0/Nour2.0/backend/utils/dbUtils.js": {"path":"/Users/georgemitchell/Library/Mobile Documents/com~apple~CloudDocs/Nour2.0/Nour2.0/backend/utils/dbUtils.js","statementMap":{"0":{"start":{"line":2,"column":24},"end":{"line":2,"column":42}},"1":{"start":{"line":3,"column":0},"end":{"line":3,"column":27}},"2":{"start":{"line":5,"column":20},"end":{"line":7,"column":2}},"3":{"start":{"line":11,"column":2},"end":{"line":14,"column":3}},"4":{"start":{"line":12,"column":4},"end":{"line":12,"column":43}},"5":{"start":{"line":13,"column":4},"end":{"line":13,"column":40}},"6":{"start":{"line":15,"column":2},"end":{"line":15,"column":30}},"7":{"start":{"line":19,"column":2},"end":{"line":23,"column":3}},"8":{"start":{"line":20,"column":4},"end":{"line":20,"column":27}},"9":{"start":{"line":21,"column":4},"end":{"line":21,"column":20}},"10":{"start":{"line":22,"column":4},"end":{"line":22,"column":45}},"11":{"start":{"line":26,"column":0},"end":{"line":26,"column":55}}},"fnMap":{"0":{"name":"connectToMongoDB","decl":{"start":{"line":10,"column":15},"end":{"line":10,"column":31}},"loc":{"start":{"line":10,"column":34},"end":{"line":16,"column":1}},"line":10},"1":{"name":"closeConnection","decl":{"start":{"line":18,"column":15},"end":{"line":18,"column":30}},"loc":{"start":{"line":18,"column":33},"end":{"line":24,"column":1}},"line":18}},"branchMap":{"0":{"loc":{"start":{"line":11,"column":2},"end":{"line":14,"column":3}},"type":"if","locations":[{"start":{"line":11,"column":2},"end":{"line":14,"column":3}},{"start":{},"end":{}}],"line":11},"1":{"loc":{"start":{"line":19,"column":2},"end":{"line":23,"column":3}},"type":"if","locations":[{"start":{"line":19,"column":2},"end":{"line":23,"column":3}},{"start":{},"end":{}}],"line":19}},"s":{"0":1,"1":1,"2":1,"3":0,"4":0,"5":0,"6":0,"7":0,"8":0,"9":0,"10":0,"11":1},"f":{"0":0,"1":0},"b":{"0":[0,0],"1":[0,0]},"_coverageSchema":"1a1c01bbd47fc00a2c39e90264f33305004495a9","hash":"18384b68d49d0e32e52d66692c047cd77fda54a1"}
,"/Users/georgemitchell/Library/Mobile Documents/com~apple~CloudDocs/Nour2.0/Nour2.0/backend/utils/handleAxiosError.js": {"path":"/Users/georgemitchell/Library/Mobile Documents/com~apple~CloudDocs/Nour2.0/Nour2.0/backend/utils/handleAxiosError.js","statementMap":{"0":{"start":{"line":1,"column":25},"end":{"line":12,"column":1}},"1":{"start":{"line":2,"column":4},"end":{"line":11,"column":5}},"2":{"start":{"line":4,"column":8},"end":{"line":4,"column":139}},"3":{"start":{"line":5,"column":11},"end":{"line":11,"column":5}},"4":{"start":{"line":7,"column":8},"end":{"line":7,"column":116}},"5":{"start":{"line":10,"column":8},"end":{"line":10,"column":110}},"6":{"start":{"line":14,"column":0},"end":{"line":14,"column":34}}},"fnMap":{"0":{"name":"(anonymous_0)","decl":{"start":{"line":1,"column":25},"end":{"line":1,"column":26}},"loc":{"start":{"line":1,"column":53},"end":{"line":12,"column":1}},"line":1}},"branchMap":{"0":{"loc":{"start":{"line":2,"column":4},"end":{"line":11,"column":5}},"type":"if","locations":[{"start":{"line":2,"column":4},"end":{"line":11,"column":5}},{"start":{"line":5,"column":11},"end":{"line":11,"column":5}}],"line":2},"1":{"loc":{"start":{"line":5,"column":11},"end":{"line":11,"column":5}},"type":"if","locations":[{"start":{"line":5,"column":11},"end":{"line":11,"column":5}},{"start":{"line":8,"column":11},"end":{"line":11,"column":5}}],"line":5}},"s":{"0":1,"1":0,"2":0,"3":0,"4":0,"5":0,"6":1},"f":{"0":0},"b":{"0":[0,0],"1":[0,0]},"_coverageSchema":"1a1c01bbd47fc00a2c39e90264f33305004495a9","hash":"b3e3d71074e8f42cf998754a9d163b59f7a76757"}
,"/Users/georgemitchell/Library/Mobile Documents/com~apple~CloudDocs/Nour2.0/Nour2.0/backend/utils/helpers.js": {"path":"/Users/georgemitchell/Library/Mobile Documents/com~apple~CloudDocs/Nour2.0/Nour2.0/backend/utils/helpers.js","statementMap":{"0":{"start":{"line":3,"column":21},"end":{"line":6,"column":1}},"1":{"start":{"line":4,"column":4},"end":{"line":4,"column":78}},"2":{"start":{"line":5,"column":4},"end":{"line":5,"column":60}},"3":{"start":{"line":8,"column":18},"end":{"line":10,"column":1}},"4":{"start":{"line":9,"column":4},"end":{"line":9,"column":60}},"5":{"start":{"line":12,"column":24},"end":{"line":14,"column":1}},"6":{"start":{"line":13,"column":4},"end":{"line":13,"column":71}},"7":{"start":{"line":13,"column":30},"end":{"line":13,"column":68}},"8":{"start":{"line":16,"column":25},"end":{"line":25,"column":1}},"9":{"start":{"line":17,"column":4},"end":{"line":24,"column":7}},"10":{"start":{"line":18,"column":8},"end":{"line":21,"column":9}},"11":{"start":{"line":19,"column":12},"end":{"line":19,"column":28}},"12":{"start":{"line":20,"column":12},"end":{"line":20,"column":52}},"13":{"start":{"line":23,"column":8},"end":{"line":23,"column":20}},"14":{"start":{"line":28,"column":21},"end":{"line":45,"column":1}},"15":{"start":{"line":29,"column":4},"end":{"line":32,"column":5}},"16":{"start":{"line":30,"column":8},"end":{"line":30,"column":91}},"17":{"start":{"line":31,"column":8},"end":{"line":31,"column":21}},"18":{"start":{"line":33,"column":4},"end":{"line":43,"column":5}},"19":{"start":{"line":34,"column":8},"end":{"line":37,"column":9}},"20":{"start":{"line":35,"column":12},"end":{"line":35,"column":107}},"21":{"start":{"line":36,"column":12},"end":{"line":36,"column":25}},"22":{"start":{"line":38,"column":8},"end":{"line":41,"column":9}},"23":{"start":{"line":39,"column":12},"end":{"line":39,"column":95}},"24":{"start":{"line":40,"column":12},"end":{"line":40,"column":25}},"25":{"start":{"line":44,"column":4},"end":{"line":44,"column":16}},"26":{"start":{"line":47,"column":0},"end":{"line":53,"column":2}}},"fnMap":{"0":{"name":"(anonymous_0)","decl":{"start":{"line":3,"column":21},"end":{"line":3,"column":22}},"loc":{"start":{"line":3,"column":46},"end":{"line":6,"column":1}},"line":3},"1":{"name":"(anonymous_1)","decl":{"start":{"line":8,"column":18},"end":{"line":8,"column":19}},"loc":{"start":{"line":8,"column":31},"end":{"line":10,"column":1}},"line":8},"2":{"name":"(anonymous_2)","decl":{"start":{"line":12,"column":24},"end":{"line":12,"column":25}},"loc":{"start":{"line":12,"column":35},"end":{"line":14,"column":1}},"line":12},"3":{"name":"(anonymous_3)","decl":{"start":{"line":13,"column":21},"end":{"line":13,"column":22}},"loc":{"start":{"line":13,"column":30},"end":{"line":13,"column":68}},"line":13},"4":{"name":"(anonymous_4)","decl":{"start":{"line":16,"column":25},"end":{"line":16,"column":26}},"loc":{"start":{"line":16,"column":36},"end":{"line":25,"column":1}},"line":16},"5":{"name":"(anonymous_5)","decl":{"start":{"line":17,"column":21},"end":{"line":17,"column":22}},"loc":{"start":{"line":17,"column":29},"end":{"line":24,"column":5}},"line":17},"6":{"name":"(anonymous_6)","decl":{"start":{"line":28,"column":21},"end":{"line":28,"column":22}},"loc":{"start":{"line":28,"column":31},"end":{"line":45,"column":1}},"line":28}},"branchMap":{"0":{"loc":{"start":{"line":18,"column":8},"end":{"line":21,"column":9}},"type":"if","locations":[{"start":{"line":18,"column":8},"end":{"line":21,"column":9}},{"start":{},"end":{}}],"line":18},"1":{"loc":{"start":{"line":29,"column":4},"end":{"line":32,"column":5}},"type":"if","locations":[{"start":{"line":29,"column":4},"end":{"line":32,"column":5}},{"start":{},"end":{}}],"line":29},"2":{"loc":{"start":{"line":29,"column":8},"end":{"line":29,"column":71}},"type":"binary-expr","locations":[{"start":{"line":29,"column":8},"end":{"line":29,"column":13}},{"start":{"line":29,"column":17},"end":{"line":29,"column":41}},{"start":{"line":29,"column":45},"end":{"line":29,"column":71}}],"line":29},"3":{"loc":{"start":{"line":34,"column":8},"end":{"line":37,"column":9}},"type":"if","locations":[{"start":{"line":34,"column":8},"end":{"line":37,"column":9}},{"start":{},"end":{}}],"line":34},"4":{"loc":{"start":{"line":34,"column":12},"end":{"line":34,"column":78}},"type":"binary-expr","locations":[{"start":{"line":34,"column":12},"end":{"line":34,"column":41}},{"start":{"line":34,"column":45},"end":{"line":34,"column":78}}],"line":34},"5":{"loc":{"start":{"line":38,"column":8},"end":{"line":41,"column":9}},"type":"if","locations":[{"start":{"line":38,"column":8},"end":{"line":41,"column":9}},{"start":{},"end":{}}],"line":38},"6":{"loc":{"start":{"line":38,"column":12},"end":{"line":38,"column":55}},"type":"binary-expr","locations":[{"start":{"line":38,"column":12},"end":{"line":38,"column":22}},{"start":{"line":38,"column":26},"end":{"line":38,"column":55}}],"line":38}},"s":{"0":1,"1":0,"2":0,"3":1,"4":0,"5":1,"6":0,"7":0,"8":1,"9":0,"10":0,"11":0,"12":0,"13":0,"14":1,"15":0,"16":0,"17":0,"18":0,"19":0,"20":0,"21":0,"22":0,"23":0,"24":0,"25":0,"26":1},"f":{"0":0,"1":0,"2":0,"3":0,"4":0,"5":0,"6":0},"b":{"0":[0,0],"1":[0,0],"2":[0,0,0],"3":[0,0],"4":[0,0],"5":[0,0],"6":[0,0]},"_coverageSchema":"1a1c01bbd47fc00a2c39e90264f33305004495a9","hash":"01f7fca1805149b8f7b801d643626f741c6ffd49"}
,"/Users/georgemitchell/Library/Mobile Documents/com~apple~CloudDocs/Nour2.0/Nour2.0/backend/utils/validationUtils.js": {"path":"/Users/georgemitchell/Library/Mobile Documents/com~apple~CloudDocs/Nour2.0/Nour2.0/backend/utils/validationUtils.js","statementMap":{"0":{"start":{"line":4,"column":2},"end":{"line":4,"column":89}},"1":{"start":{"line":6,"column":2},"end":{"line":9,"column":3}},"2":{"start":{"line":7,"column":4},"end":{"line":7,"column":72}},"3":{"start":{"line":8,"column":4},"end":{"line":8,"column":17}},"4":{"start":{"line":11,"column":2},"end":{"line":41,"column":3}},"5":{"start":{"line":12,"column":4},"end":{"line":33,"column":5}},"6":{"start":{"line":31,"column":6},"end":{"line":31,"column":71}},"7":{"start":{"line":32,"column":6},"end":{"line":32,"column":19}},"8":{"start":{"line":35,"column":4},"end":{"line":40,"column":5}},"9":{"start":{"line":36,"column":6},"end":{"line":39,"column":7}},"10":{"start":{"line":37,"column":8},"end":{"line":37,"column":107}},"11":{"start":{"line":38,"column":8},"end":{"line":38,"column":21}},"12":{"start":{"line":43,"column":2},"end":{"line":60,"column":3}},"13":{"start":{"line":58,"column":4},"end":{"line":58,"column":82}},"14":{"start":{"line":59,"column":4},"end":{"line":59,"column":17}},"15":{"start":{"line":62,"column":2},"end":{"line":67,"column":3}},"16":{"start":{"line":63,"column":4},"end":{"line":66,"column":5}},"17":{"start":{"line":64,"column":6},"end":{"line":64,"column":123}},"18":{"start":{"line":65,"column":6},"end":{"line":65,"column":19}},"19":{"start":{"line":69,"column":2},"end":{"line":75,"column":3}},"20":{"start":{"line":73,"column":4},"end":{"line":73,"column":92}},"21":{"start":{"line":74,"column":4},"end":{"line":74,"column":17}},"22":{"start":{"line":77,"column":2},"end":{"line":77,"column":72}},"23":{"start":{"line":78,"column":2},"end":{"line":78,"column":14}},"24":{"start":{"line":82,"column":2},"end":{"line":82,"column":77}},"25":{"start":{"line":85,"column":26},"end":{"line":85,"column":67}},"26":{"start":{"line":86,"column":4},"end":{"line":86,"column":75}},"27":{"start":{"line":87,"column":4},"end":{"line":87,"column":25}},"28":{"start":{"line":91,"column":2},"end":{"line":112,"column":3}},"29":{"start":{"line":92,"column":4},"end":{"line":92,"column":60}},"30":{"start":{"line":93,"column":4},"end":{"line":93,"column":46}},"31":{"start":{"line":94,"column":4},"end":{"line":94,"column":56}},"32":{"start":{"line":95,"column":4},"end":{"line":95,"column":76}},"33":{"start":{"line":96,"column":4},"end":{"line":96,"column":86}},"34":{"start":{"line":97,"column":4},"end":{"line":97,"column":68}},"35":{"start":{"line":98,"column":4},"end":{"line":98,"column":72}},"36":{"start":{"line":99,"column":4},"end":{"line":99,"column":82}},"37":{"start":{"line":100,"column":4},"end":{"line":100,"column":84}},"38":{"start":{"line":101,"column":4},"end":{"line":101,"column":72}},"39":{"start":{"line":102,"column":4},"end":{"line":102,"column":72}},"40":{"start":{"line":103,"column":4},"end":{"line":103,"column":84}},"41":{"start":{"line":104,"column":4},"end":{"line":104,"column":88}},"42":{"start":{"line":106,"column":4},"end":{"line":108,"column":5}},"43":{"start":{"line":107,"column":6},"end":{"line":107,"column":70}},"44":{"start":{"line":110,"column":4},"end":{"line":110,"column":56}},"45":{"start":{"line":111,"column":4},"end":{"line":111,"column":54}},"46":{"start":{"line":114,"column":2},"end":{"line":114,"column":90}},"47":{"start":{"line":115,"column":2},"end":{"line":117,"column":3}},"48":{"start":{"line":116,"column":4},"end":{"line":116,"column":104}},"49":{"start":{"line":118,"column":2},"end":{"line":120,"column":3}},"50":{"start":{"line":119,"column":4},"end":{"line":119,"column":104}},"51":{"start":{"line":121,"column":2},"end":{"line":121,"column":90}},"52":{"start":{"line":122,"column":2},"end":{"line":122,"column":88}},"53":{"start":{"line":124,"column":2},"end":{"line":124,"column":76}},"54":{"start":{"line":126,"column":2},"end":{"line":126,"column":24}},"55":{"start":{"line":130,"column":2},"end":{"line":132,"column":3}},"56":{"start":{"line":131,"column":4},"end":{"line":131,"column":17}},"57":{"start":{"line":133,"column":2},"end":{"line":133,"column":14}},"58":{"start":{"line":137,"column":0},"end":{"line":137,"column":89}}},"fnMap":{"0":{"name":"isValidAnalysisResult","decl":{"start":{"line":3,"column":9},"end":{"line":3,"column":30}},"loc":{"start":{"line":3,"column":39},"end":{"line":79,"column":1}},"line":3},"1":{"name":"parseAndConvertAnalysisResult","decl":{"start":{"line":81,"column":9},"end":{"line":81,"column":38}},"loc":{"start":{"line":81,"column":55},"end":{"line":127,"column":1}},"line":81},"2":{"name":"stripUnits","decl":{"start":{"line":84,"column":11},"end":{"line":84,"column":21}},"loc":{"start":{"line":84,"column":29},"end":{"line":88,"column":3}},"line":84},"3":{"name":"validateInput","decl":{"start":{"line":129,"column":9},"end":{"line":129,"column":22}},"loc":{"start":{"line":129,"column":29},"end":{"line":134,"column":1}},"line":129}},"branchMap":{"0":{"loc":{"start":{"line":6,"column":2},"end":{"line":9,"column":3}},"type":"if","locations":[{"start":{"line":6,"column":2},"end":{"line":9,"column":3}},{"start":{},"end":{}}],"line":6},"1":{"loc":{"start":{"line":6,"column":6},"end":{"line":6,"column":91}},"type":"binary-expr","locations":[{"start":{"line":6,"column":6},"end":{"line":6,"column":13}},{"start":{"line":6,"column":17},"end":{"line":6,"column":30}},{"start":{"line":6,"column":34},"end":{"line":6,"column":62}},{"start":{"line":6,"column":66},"end":{"line":6,"column":91}}],"line":6},"2":{"loc":{"start":{"line":12,"column":4},"end":{"line":33,"column":5}},"type":"if","locations":[{"start":{"line":12,"column":4},"end":{"line":33,"column":5}},{"start":{},"end":{}}],"line":12},"3":{"loc":{"start":{"line":13,"column":6},"end":{"line":29,"column":43}},"type":"binary-expr","locations":[{"start":{"line":13,"column":6},"end":{"line":13,"column":35}},{"start":{"line":14,"column":6},"end":{"line":14,"column":39}},{"start":{"line":15,"column":6},"end":{"line":15,"column":44}},{"start":{"line":16,"column":6},"end":{"line":16,"column":26}},{"start":{"line":17,"column":6},"end":{"line":17,"column":54}},{"start":{"line":18,"column":6},"end":{"line":18,"column":59}},{"start":{"line":19,"column":6},"end":{"line":19,"column":50}},{"start":{"line":20,"column":6},"end":{"line":20,"column":52}},{"start":{"line":21,"column":6},"end":{"line":21,"column":57}},{"start":{"line":22,"column":6},"end":{"line":22,"column":58}},{"start":{"line":23,"column":6},"end":{"line":23,"column":52}},{"start":{"line":24,"column":6},"end":{"line":24,"column":52}},{"start":{"line":25,"column":6},"end":{"line":25,"column":58}},{"start":{"line":26,"column":6},"end":{"line":26,"column":60}},{"start":{"line":27,"column":6},"end":{"line":27,"column":26}},{"start":{"line":28,"column":6},"end":{"line":28,"column":44}},{"start":{"line":29,"column":6},"end":{"line":29,"column":43}}],"line":13},"4":{"loc":{"start":{"line":36,"column":6},"end":{"line":39,"column":7}},"type":"if","locations":[{"start":{"line":36,"column":6},"end":{"line":39,"column":7}},{"start":{},"end":{}}],"line":36},"5":{"loc":{"start":{"line":43,"column":2},"end":{"line":60,"column":3}},"type":"if","locations":[{"start":{"line":43,"column":2},"end":{"line":60,"column":3}},{"start":{},"end":{}}],"line":43},"6":{"loc":{"start":{"line":44,"column":4},"end":{"line":56,"column":68}},"type":"binary-expr","locations":[{"start":{"line":44,"column":4},"end":{"line":44,"column":19}},{"start":{"line":45,"column":4},"end":{"line":45,"column":52}},{"start":{"line":46,"column":4},"end":{"line":46,"column":34}},{"start":{"line":47,"column":4},"end":{"line":47,"column":62}},{"start":{"line":48,"column":4},"end":{"line":48,"column":67}},{"start":{"line":49,"column":4},"end":{"line":49,"column":58}},{"start":{"line":50,"column":4},"end":{"line":50,"column":60}},{"start":{"line":51,"column":4},"end":{"line":51,"column":65}},{"start":{"line":52,"column":4},"end":{"line":52,"column":66}},{"start":{"line":53,"column":4},"end":{"line":53,"column":60}},{"start":{"line":54,"column":4},"end":{"line":54,"column":60}},{"start":{"line":55,"column":4},"end":{"line":55,"column":66}},{"start":{"line":56,"column":4},"end":{"line":56,"column":68}}],"line":44},"7":{"loc":{"start":{"line":63,"column":4},"end":{"line":66,"column":5}},"type":"if","locations":[{"start":{"line":63,"column":4},"end":{"line":66,"column":5}},{"start":{},"end":{}}],"line":63},"8":{"loc":{"start":{"line":69,"column":2},"end":{"line":75,"column":3}},"type":"if","locations":[{"start":{"line":69,"column":2},"end":{"line":75,"column":3}},{"start":{},"end":{}}],"line":69},"9":{"loc":{"start":{"line":70,"column":4},"end":{"line":71,"column":51}},"type":"binary-expr","locations":[{"start":{"line":70,"column":4},"end":{"line":70,"column":52}},{"start":{"line":71,"column":4},"end":{"line":71,"column":51}}],"line":70},"10":{"loc":{"start":{"line":130,"column":2},"end":{"line":132,"column":3}},"type":"if","locations":[{"start":{"line":130,"column":2},"end":{"line":132,"column":3}},{"start":{},"end":{}}],"line":130},"11":{"loc":{"start":{"line":130,"column":6},"end":{"line":130,"column":47}},"type":"binary-expr","locations":[{"start":{"line":130,"column":6},"end":{"line":130,"column":30}},{"start":{"line":130,"column":34},"end":{"line":130,"column":47}}],"line":130}},"s":{"0":0,"1":0,"2":0,"3":0,"4":0,"5":0,"6":0,"7":0,"8":0,"9":0,"10":0,"11":0,"12":0,"13":0,"14":0,"15":0,"16":0,"17":0,"18":0,"19":0,"20":0,"21":0,"22":0,"23":0,"24":0,"25":0,"26":0,"27":0,"28":0,"29":0,"30":0,"31":0,"32":0,"33":0,"34":0,"35":0,"36":0,"37":0,"38":0,"39":0,"40":0,"41":0,"42":0,"43":0,"44":0,"45":0,"46":0,"47":0,"48":0,"49":0,"50":0,"51":0,"52":0,"53":0,"54":0,"55":0,"56":0,"57":0,"58":1},"f":{"0":0,"1":0,"2":0,"3":0},"b":{"0":[0,0],"1":[0,0,0,0],"2":[0,0],"3":[0,0,0,0,0,0,0,0,0,0,0,0,0,0,0,0,0],"4":[0,0],"5":[0,0],"6":[0,0,0,0,0,0,0,0,0,0,0,0,0],"7":[0,0],"8":[0,0],"9":[0,0],"10":[0,0],"11":[0,0]},"_coverageSchema":"1a1c01bbd47fc00a2c39e90264f33305004495a9","hash":"0919e4df8b5e48fff07c949c7fd6b7eacbfcdc5b"}
}
